Command line invocation:
    /Applications/Xcode.app/Contents/Developer/usr/bin/xcodebuild -list -project DoSurfApp.xcodeproj

Resolve Package Graph


Resolved source packages:
  nanopb: https://github.com/firebase/nanopb.git @ 2.30910.0
  IQKeyboardCore: https://github.com/hackiftekhar/IQKeyboardCore.git @ 1.0.8
  IQTextInputViewNotification: https://github.com/hackiftekhar/IQTextInputViewNotification.git @ 1.0.9
  Promises: https://github.com/google/promises.git @ 2.4.0
  SwiftProtobuf: https://github.com/apple/swift-protobuf.git @ 1.31.1
  abseil: https://github.com/google/abseil-cpp-binary.git @ 1.2024072200.0
  IQTextView: https://github.com/hackiftekhar/IQTextView.git @ 1.0.5
  RxDataSources: https://github.com/RxSwiftCommunity/RxDataSources.git @ 5.0.2
  IQKeyboardNotification: https://github.com/hackiftekhar/IQKeyboardNotification.git @ 1.0.6
  IQKeyboardManagerSwift: https://github.com/hackiftekhar/IQKeyboardManager.git @ 8.0.1
  SnapKit: https://github.com/SnapKit/SnapKit.git @ 5.7.1
  RxSwift: https://github.com/ReactiveX/RxSwift.git @ 6.9.0
  GoogleDataTransport: https://github.com/google/GoogleDataTransport.git @ 10.1.0
  GoogleUtilities: https://github.com/google/GoogleUtilities.git @ 8.1.0
  leveldb: https://github.com/firebase/leveldb.git @ 1.22.5
  IQKeyboardReturnManager: https://github.com/hackiftekhar/IQKeyboardReturnManager.git @ 1.0.6
  GoogleAppMeasurement: https://github.com/google/GoogleAppMeasurement.git @ 12.3.0
  GTMSessionFetcher: https://github.com/google/gtm-session-fetcher.git @ 5.0.0
  IQKeyboardToolbarManager: https://github.com/hackiftekhar/IQKeyboardToolbarManager.git @ 1.1.4
  Firebase: https://github.com/firebase/firebase-ios-sdk @ 12.3.0
  InteropForGoogle: https://github.com/google/interop-ios-for-google-sdks.git @ 101.0.0
  gRPC: https://github.com/google/grpc-binary.git @ 1.69.1
  GoogleAdsOnDeviceConversion: https://github.com/googleads/google-ads-on-device-conversion-ios-sdk @ 3.0.0
  IQKeyboardToolbar: https://github.com/hackiftekhar/IQKeyboardToolbar.git @ 1.1.3
  AppCheck: https://github.com/google/app-check.git @ 11.2.0

Information about project "DoSurfApp":
    Targets:
        DoSurfApp
        DoSurfWatch Watch App
        DoSurfWatch Watch App WatchKitExtension
        DoSurfWidgetExtensionExtension

    Build Configurations:
        Debug
        Release

    If no build configuration is specified and -scheme is not passed then "Release" is used.

    Schemes:
        DoSurfApp
        DoSurfWatch Watch App
        DoSurfWatch Watch App
        DoSurfWatch Watch App (Complication)
        DoSurfWatch Watch App (Notification)
        DoSurfWatch Watch App (Notification)
        DoSurfWidgetExtensionExtension

