Command line invocation:
    /Applications/Xcode.app/Contents/Developer/usr/bin/xcodebuild -project DoSurfApp.xcodeproj -scheme "DoSurfWatch Watch App" -configuration Debug -destination "generic/platform=watchOS Simulator" build

Resolve Package Graph


Resolved source packages:
  GoogleAdsOnDeviceConversion: https://github.com/googleads/google-ads-on-device-conversion-ios-sdk @ 3.0.0
  IQKeyboardReturnManager: https://github.com/hackiftekhar/IQKeyboardReturnManager.git @ 1.0.6
  RxSwift: https://github.com/ReactiveX/RxSwift.git @ 6.9.0
  AppCheck: https://github.com/google/app-check.git @ 11.2.0
  GoogleDataTransport: https://github.com/google/GoogleDataTransport.git @ 10.1.0
  IQKeyboardCore: https://github.com/hackiftekhar/IQKeyboardCore.git @ 1.0.8
  IQKeyboardToolbarManager: https://github.com/hackiftekhar/IQKeyboardToolbarManager.git @ 1.1.4
  leveldb: https://github.com/firebase/leveldb.git @ 1.22.5
  gRPC: https://github.com/google/grpc-binary.git @ 1.69.1
  IQKeyboardManagerSwift: https://github.com/hackiftekhar/IQKeyboardManager.git @ 8.0.1
  IQKeyboardToolbar: https://github.com/hackiftekhar/IQKeyboardToolbar.git @ 1.1.3
  GoogleAppMeasurement: https://github.com/google/GoogleAppMeasurement.git @ 12.3.0
  abseil: https://github.com/google/abseil-cpp-binary.git @ 1.2024072200.0
  InteropForGoogle: https://github.com/google/interop-ios-for-google-sdks.git @ 101.0.0
  GTMSessionFetcher: https://github.com/google/gtm-session-fetcher.git @ 5.0.0
  Firebase: https://github.com/firebase/firebase-ios-sdk @ 12.3.0
  IQTextView: https://github.com/hackiftekhar/IQTextView.git @ 1.0.5
  RxDataSources: https://github.com/RxSwiftCommunity/RxDataSources.git @ 5.0.2
  IQKeyboardNotification: https://github.com/hackiftekhar/IQKeyboardNotification.git @ 1.0.6
  SwiftProtobuf: https://github.com/apple/swift-protobuf.git @ 1.31.1
  SnapKit: https://github.com/SnapKit/SnapKit.git @ 5.7.1
  Promises: https://github.com/google/promises.git @ 2.4.0
  nanopb: https://github.com/firebase/nanopb.git @ 2.30910.0
  GoogleUtilities: https://github.com/google/GoogleUtilities.git @ 8.1.0
  IQTextInputViewNotification: https://github.com/hackiftekhar/IQTextInputViewNotification.git @ 1.0.9

ComputePackagePrebuildTargetDependencyGraph

Prepare packages

CreateBuildRequest

SendProjectDescription

CreateBuildOperation

ComputeTargetDependencyGraph
note: Building targets in dependency order
note: Target dependency graph (111 targets)
    Target 'DoSurfApp' in project 'DoSurfApp'
        ➜ Explicit dependency on target 'DoSurfWidgetExtensionExtension' in project 'DoSurfApp'
        ➜ Explicit dependency on target 'DoSurfWatch Watch App' in project 'DoSurfApp'
        ➜ Explicit dependency on target 'Differentiator' in project 'RxDataSources'
        ➜ Explicit dependency on target 'IQKeyboardManagerSwift' in project 'IQKeyboardManagerSwift'
        ➜ Explicit dependency on target 'RxSwift' in project 'RxSwift'
        ➜ Explicit dependency on target 'FirebaseAnalytics' in project 'Firebase'
        ➜ Explicit dependency on target 'RxCocoa' in project 'RxSwift'
        ➜ Explicit dependency on target 'RxDataSources' in project 'RxDataSources'
        ➜ Explicit dependency on target 'SnapKit' in project 'SnapKit'
        ➜ Explicit dependency on target 'FirebaseFirestore' in project 'Firebase'
    Target 'FirebaseFirestore' in project 'Firebase'
        ➜ Explicit dependency on target 'FirebaseFirestoreTarget' in project 'Firebase'
        ➜ Explicit dependency on target 'FirebaseFirestoreInternalWrapper' in project 'Firebase'
        ➜ Explicit dependency on target 'FirebaseAppCheckInterop' in project 'Firebase'
        ➜ Explicit dependency on target 'Firebase' in project 'Firebase'
        ➜ Explicit dependency on target 'FirebaseCoreInternal' in project 'Firebase'
        ➜ Explicit dependency on target 'FirebaseCore' in project 'Firebase'
        ➜ Explicit dependency on target 'FirebaseCoreExtension' in project 'Firebase'
        ➜ Explicit dependency on target 'FirebaseSharedSwift' in project 'Firebase'
        ➜ Explicit dependency on target 'FirebaseFirestore' in project 'Firebase'
        ➜ Explicit dependency on target 'GULNSData' in project 'GoogleUtilities'
        ➜ Explicit dependency on target 'GULEnvironment' in project 'GoogleUtilities'
        ➜ Explicit dependency on target 'GULLogger' in project 'GoogleUtilities'
        ➜ Explicit dependency on target 'abseil' in project 'abseil'
        ➜ Explicit dependency on target 'gRPC-C++' in project 'gRPC'
        ➜ Explicit dependency on target 'nanopb' in project 'nanopb'
        ➜ Explicit dependency on target 'leveldb' in project 'leveldb'
    Target 'FirebaseFirestoreTarget' in project 'Firebase'
        ➜ Explicit dependency on target 'FirebaseFirestoreInternalWrapper' in project 'Firebase'
        ➜ Explicit dependency on target 'FirebaseAppCheckInterop' in project 'Firebase'
        ➜ Explicit dependency on target 'Firebase' in project 'Firebase'
        ➜ Explicit dependency on target 'FirebaseCoreInternal' in project 'Firebase'
        ➜ Explicit dependency on target 'FirebaseCore' in project 'Firebase'
        ➜ Explicit dependency on target 'FirebaseCoreExtension' in project 'Firebase'
        ➜ Explicit dependency on target 'FirebaseSharedSwift' in project 'Firebase'
        ➜ Explicit dependency on target 'FirebaseFirestore' in project 'Firebase'
        ➜ Explicit dependency on target 'GULNSData' in project 'GoogleUtilities'
        ➜ Explicit dependency on target 'GULEnvironment' in project 'GoogleUtilities'
        ➜ Explicit dependency on target 'GULLogger' in project 'GoogleUtilities'
        ➜ Explicit dependency on target 'abseil' in project 'abseil'
        ➜ Explicit dependency on target 'gRPC-C++' in project 'gRPC'
        ➜ Explicit dependency on target 'nanopb' in project 'nanopb'
        ➜ Explicit dependency on target 'leveldb' in project 'leveldb'
    Target 'FirebaseFirestore' in project 'Firebase'
        ➜ Explicit dependency on target 'Firebase_FirebaseFirestore' in project 'Firebase'
        ➜ Explicit dependency on target 'FirebaseFirestoreInternalWrapper' in project 'Firebase'
        ➜ Explicit dependency on target 'FirebaseAppCheckInterop' in project 'Firebase'
        ➜ Explicit dependency on target 'Firebase' in project 'Firebase'
        ➜ Explicit dependency on target 'FirebaseCoreInternal' in project 'Firebase'
        ➜ Explicit dependency on target 'FirebaseCore' in project 'Firebase'
        ➜ Explicit dependency on target 'FirebaseCoreExtension' in project 'Firebase'
        ➜ Explicit dependency on target 'FirebaseSharedSwift' in project 'Firebase'
        ➜ Explicit dependency on target 'GULNSData' in project 'GoogleUtilities'
        ➜ Explicit dependency on target 'GULEnvironment' in project 'GoogleUtilities'
        ➜ Explicit dependency on target 'GULLogger' in project 'GoogleUtilities'
        ➜ Explicit dependency on target 'abseil' in project 'abseil'
        ➜ Explicit dependency on target 'gRPC-C++' in project 'gRPC'
        ➜ Explicit dependency on target 'nanopb' in project 'nanopb'
        ➜ Explicit dependency on target 'leveldb' in project 'leveldb'
    Target 'leveldb' in project 'leveldb'
        ➜ Explicit dependency on target 'leveldb' in project 'leveldb'
        ➜ Explicit dependency on target 'leveldb_leveldb' in project 'leveldb'
    Target 'leveldb' in project 'leveldb'
        ➜ Explicit dependency on target 'leveldb_leveldb' in project 'leveldb'
    Target 'leveldb_leveldb' in project 'leveldb' (no dependencies)
    Target 'gRPC-C++' in project 'gRPC'
        ➜ Explicit dependency on target 'grpcppWrapper' in project 'gRPC'
        ➜ Explicit dependency on target 'gRPC_grpcppWrapper' in project 'gRPC'
        ➜ Explicit dependency on target 'grpcWrapper' in project 'gRPC'
        ➜ Explicit dependency on target 'opensslWrapper' in project 'gRPC'
        ➜ Explicit dependency on target 'abseil' in project 'abseil'
    Target 'grpcppWrapper' in project 'gRPC'
        ➜ Explicit dependency on target 'gRPC_grpcppWrapper' in project 'gRPC'
        ➜ Explicit dependency on target 'grpcWrapper' in project 'gRPC'
        ➜ Explicit dependency on target 'opensslWrapper' in project 'gRPC'
        ➜ Explicit dependency on target 'abseil' in project 'abseil'
    Target 'opensslWrapper' in project 'gRPC'
        ➜ Explicit dependency on target 'gRPC_opensslWrapper' in project 'gRPC'
    Target 'gRPC_opensslWrapper' in project 'gRPC' (no dependencies)
    Target 'grpcWrapper' in project 'gRPC'
        ➜ Explicit dependency on target 'gRPC_grpcWrapper' in project 'gRPC'
    Target 'gRPC_grpcWrapper' in project 'gRPC' (no dependencies)
    Target 'gRPC_grpcppWrapper' in project 'gRPC' (no dependencies)
    Target 'abseil' in project 'abseil'
        ➜ Explicit dependency on target 'abslWrapper' in project 'abseil'
        ➜ Explicit dependency on target 'abseil_abslWrapper' in project 'abseil'
    Target 'abslWrapper' in project 'abseil'
        ➜ Explicit dependency on target 'abseil_abslWrapper' in project 'abseil'
    Target 'abseil_abslWrapper' in project 'abseil' (no dependencies)
    Target 'Firebase_FirebaseFirestore' in project 'Firebase' (no dependencies)
    Target 'FirebaseSharedSwift' in project 'Firebase' (no dependencies)
    Target 'FirebaseCoreExtension' in project 'Firebase'
        ➜ Explicit dependency on target 'Firebase_FirebaseCoreExtension' in project 'Firebase'
    Target 'Firebase_FirebaseCoreExtension' in project 'Firebase' (no dependencies)
    Target 'FirebaseAppCheckInterop' in project 'Firebase' (no dependencies)
    Target 'FirebaseFirestoreInternalWrapper' in project 'Firebase' (no dependencies)
    Target 'SnapKit' in project 'SnapKit'
        ➜ Explicit dependency on target 'SnapKit' in project 'SnapKit'
        ➜ Explicit dependency on target 'SnapKit_SnapKit' in project 'SnapKit'
    Target 'SnapKit' in project 'SnapKit'
        ➜ Explicit dependency on target 'SnapKit_SnapKit' in project 'SnapKit'
    Target 'SnapKit_SnapKit' in project 'SnapKit' (no dependencies)
    Target 'RxDataSources' in project 'RxDataSources'
        ➜ Explicit dependency on target 'RxDataSources' in project 'RxDataSources'
        ➜ Explicit dependency on target 'Differentiator' in project 'RxDataSources'
        ➜ Explicit dependency on target 'RxSwift' in project 'RxSwift'
        ➜ Explicit dependency on target 'RxCocoa' in project 'RxSwift'
    Target 'RxDataSources' in project 'RxDataSources'
        ➜ Explicit dependency on target 'Differentiator' in project 'RxDataSources'
        ➜ Explicit dependency on target 'RxSwift' in project 'RxSwift'
        ➜ Explicit dependency on target 'RxCocoa' in project 'RxSwift'
    Target 'RxCocoa' in project 'RxSwift'
        ➜ Explicit dependency on target 'RxCocoa' in project 'RxSwift'
        ➜ Explicit dependency on target 'RxSwift_RxCocoa' in project 'RxSwift'
        ➜ Explicit dependency on target 'RxSwift' in project 'RxSwift'
        ➜ Explicit dependency on target 'RxRelay' in project 'RxSwift'
        ➜ Explicit dependency on target 'RxCocoaRuntime' in project 'RxSwift'
    Target 'RxCocoa' in project 'RxSwift'
        ➜ Explicit dependency on target 'RxSwift_RxCocoa' in project 'RxSwift'
        ➜ Explicit dependency on target 'RxSwift' in project 'RxSwift'
        ➜ Explicit dependency on target 'RxRelay' in project 'RxSwift'
        ➜ Explicit dependency on target 'RxCocoaRuntime' in project 'RxSwift'
    Target 'RxCocoaRuntime' in project 'RxSwift'
        ➜ Explicit dependency on target 'RxSwift_RxCocoaRuntime' in project 'RxSwift'
        ➜ Explicit dependency on target 'RxSwift' in project 'RxSwift'
    Target 'RxSwift_RxCocoaRuntime' in project 'RxSwift' (no dependencies)
    Target 'RxRelay' in project 'RxSwift'
        ➜ Explicit dependency on target 'RxSwift_RxRelay' in project 'RxSwift'
        ➜ Explicit dependency on target 'RxSwift' in project 'RxSwift'
    Target 'RxSwift_RxRelay' in project 'RxSwift' (no dependencies)
    Target 'RxSwift_RxCocoa' in project 'RxSwift' (no dependencies)
    Target 'FirebaseAnalytics' in project 'Firebase'
        ➜ Explicit dependency on target 'FirebaseAnalyticsTarget' in project 'Firebase'
        ➜ Explicit dependency on target 'Firebase' in project 'Firebase'
        ➜ Explicit dependency on target 'FirebaseCoreInternal' in project 'Firebase'
        ➜ Explicit dependency on target 'FirebaseCore' in project 'Firebase'
        ➜ Explicit dependency on target 'FirebaseInstallations' in project 'Firebase'
        ➜ Explicit dependency on target 'FirebaseAnalyticsWrapper' in project 'Firebase'
        ➜ Explicit dependency on target 'GULNSData' in project 'GoogleUtilities'
        ➜ Explicit dependency on target 'GULEnvironment' in project 'GoogleUtilities'
        ➜ Explicit dependency on target 'GULLogger' in project 'GoogleUtilities'
        ➜ Explicit dependency on target 'FBLPromises' in project 'Promises'
        ➜ Explicit dependency on target 'GULUserDefaults' in project 'GoogleUtilities'
        ➜ Explicit dependency on target 'GoogleAppMeasurement' in project 'GoogleAppMeasurement'
        ➜ Explicit dependency on target 'GULAppDelegateSwizzler' in project 'GoogleUtilities'
        ➜ Explicit dependency on target 'GULMethodSwizzler' in project 'GoogleUtilities'
        ➜ Explicit dependency on target 'GULNetwork' in project 'GoogleUtilities'
        ➜ Explicit dependency on target 'nanopb' in project 'nanopb'
    Target 'FirebaseAnalyticsTarget' in project 'Firebase'
        ➜ Explicit dependency on target 'Firebase' in project 'Firebase'
        ➜ Explicit dependency on target 'FirebaseCoreInternal' in project 'Firebase'
        ➜ Explicit dependency on target 'FirebaseCore' in project 'Firebase'
        ➜ Explicit dependency on target 'FirebaseInstallations' in project 'Firebase'
        ➜ Explicit dependency on target 'FirebaseAnalyticsWrapper' in project 'Firebase'
        ➜ Explicit dependency on target 'GULNSData' in project 'GoogleUtilities'
        ➜ Explicit dependency on target 'GULEnvironment' in project 'GoogleUtilities'
        ➜ Explicit dependency on target 'GULLogger' in project 'GoogleUtilities'
        ➜ Explicit dependency on target 'FBLPromises' in project 'Promises'
        ➜ Explicit dependency on target 'GULUserDefaults' in project 'GoogleUtilities'
        ➜ Explicit dependency on target 'GoogleAppMeasurement' in project 'GoogleAppMeasurement'
        ➜ Explicit dependency on target 'GULAppDelegateSwizzler' in project 'GoogleUtilities'
        ➜ Explicit dependency on target 'GULMethodSwizzler' in project 'GoogleUtilities'
        ➜ Explicit dependency on target 'GULNetwork' in project 'GoogleUtilities'
        ➜ Explicit dependency on target 'nanopb' in project 'nanopb'
    Target 'FirebaseAnalyticsWrapper' in project 'Firebase'
        ➜ Explicit dependency on target 'Firebase' in project 'Firebase'
        ➜ Explicit dependency on target 'FirebaseCoreInternal' in project 'Firebase'
        ➜ Explicit dependency on target 'FirebaseCore' in project 'Firebase'
        ➜ Explicit dependency on target 'FirebaseInstallations' in project 'Firebase'
        ➜ Explicit dependency on target 'GULNSData' in project 'GoogleUtilities'
        ➜ Explicit dependency on target 'GULEnvironment' in project 'GoogleUtilities'
        ➜ Explicit dependency on target 'GULLogger' in project 'GoogleUtilities'
        ➜ Explicit dependency on target 'FBLPromises' in project 'Promises'
        ➜ Explicit dependency on target 'GULUserDefaults' in project 'GoogleUtilities'
        ➜ Explicit dependency on target 'GoogleAppMeasurement' in project 'GoogleAppMeasurement'
        ➜ Explicit dependency on target 'GULAppDelegateSwizzler' in project 'GoogleUtilities'
        ➜ Explicit dependency on target 'GULMethodSwizzler' in project 'GoogleUtilities'
        ➜ Explicit dependency on target 'GULNetwork' in project 'GoogleUtilities'
        ➜ Explicit dependency on target 'nanopb' in project 'nanopb'
    Target 'GoogleAppMeasurement' in project 'GoogleAppMeasurement'
        ➜ Explicit dependency on target 'GoogleAppMeasurementTarget' in project 'GoogleAppMeasurement'
        ➜ Explicit dependency on target 'GULAppDelegateSwizzler' in project 'GoogleUtilities'
        ➜ Explicit dependency on target 'GULMethodSwizzler' in project 'GoogleUtilities'
        ➜ Explicit dependency on target 'GULNSData' in project 'GoogleUtilities'
        ➜ Explicit dependency on target 'GULNetwork' in project 'GoogleUtilities'
        ➜ Explicit dependency on target 'GULLogger' in project 'GoogleUtilities'
        ➜ Explicit dependency on target 'GULEnvironment' in project 'GoogleUtilities'
        ➜ Explicit dependency on target 'nanopb' in project 'nanopb'
        ➜ Explicit dependency on target 'GoogleAdsOnDeviceConversion' in project 'GoogleAdsOnDeviceConversion'
    Target 'GoogleAppMeasurementTarget' in project 'GoogleAppMeasurement'
        ➜ Explicit dependency on target 'GULAppDelegateSwizzler' in project 'GoogleUtilities'
        ➜ Explicit dependency on target 'GULMethodSwizzler' in project 'GoogleUtilities'
        ➜ Explicit dependency on target 'GULNSData' in project 'GoogleUtilities'
        ➜ Explicit dependency on target 'GULNetwork' in project 'GoogleUtilities'
        ➜ Explicit dependency on target 'GULLogger' in project 'GoogleUtilities'
        ➜ Explicit dependency on target 'GULEnvironment' in project 'GoogleUtilities'
        ➜ Explicit dependency on target 'nanopb' in project 'nanopb'
        ➜ Explicit dependency on target 'GoogleAdsOnDeviceConversion' in project 'GoogleAdsOnDeviceConversion'
    Target 'GoogleAdsOnDeviceConversion' in project 'GoogleAdsOnDeviceConversion'
        ➜ Explicit dependency on target 'GoogleAdsOnDeviceConversionTarget' in project 'GoogleAdsOnDeviceConversion'
        ➜ Explicit dependency on target 'GULEnvironment' in project 'GoogleUtilities'
        ➜ Explicit dependency on target 'GULLogger' in project 'GoogleUtilities'
        ➜ Explicit dependency on target 'GULNetwork' in project 'GoogleUtilities'
        ➜ Explicit dependency on target 'nanopb' in project 'nanopb'
    Target 'GoogleAdsOnDeviceConversionTarget' in project 'GoogleAdsOnDeviceConversion'
        ➜ Explicit dependency on target 'GULEnvironment' in project 'GoogleUtilities'
        ➜ Explicit dependency on target 'GULLogger' in project 'GoogleUtilities'
        ➜ Explicit dependency on target 'GULNetwork' in project 'GoogleUtilities'
        ➜ Explicit dependency on target 'nanopb' in project 'nanopb'
    Target 'nanopb' in project 'nanopb'
        ➜ Explicit dependency on target 'nanopb' in project 'nanopb'
        ➜ Explicit dependency on target 'nanopb_nanopb' in project 'nanopb'
    Target 'nanopb' in project 'nanopb'
        ➜ Explicit dependency on target 'nanopb_nanopb' in project 'nanopb'
    Target 'nanopb_nanopb' in project 'nanopb' (no dependencies)
    Target 'GULNetwork' in project 'GoogleUtilities'
        ➜ Explicit dependency on target 'GoogleUtilities-Network' in project 'GoogleUtilities'
        ➜ Explicit dependency on target 'GoogleUtilities_GoogleUtilities-Network' in project 'GoogleUtilities'
        ➜ Explicit dependency on target 'third-party-IsAppEncrypted' in project 'GoogleUtilities'
        ➜ Explicit dependency on target 'GoogleUtilities-Environment' in project 'GoogleUtilities'
        ➜ Explicit dependency on target 'GoogleUtilities-Logger' in project 'GoogleUtilities'
        ➜ Explicit dependency on target 'GoogleUtilities-NSData' in project 'GoogleUtilities'
        ➜ Explicit dependency on target 'GoogleUtilities-Reachability' in project 'GoogleUtilities'
    Target 'GULMethodSwizzler' in project 'GoogleUtilities'
        ➜ Explicit dependency on target 'GoogleUtilities-MethodSwizzler' in project 'GoogleUtilities'
        ➜ Explicit dependency on target 'GoogleUtilities_GoogleUtilities-MethodSwizzler' in project 'GoogleUtilities'
        ➜ Explicit dependency on target 'third-party-IsAppEncrypted' in project 'GoogleUtilities'
        ➜ Explicit dependency on target 'GoogleUtilities-Environment' in project 'GoogleUtilities'
        ➜ Explicit dependency on target 'GoogleUtilities-Logger' in project 'GoogleUtilities'
    Target 'GoogleUtilities-MethodSwizzler' in project 'GoogleUtilities'
        ➜ Explicit dependency on target 'GoogleUtilities_GoogleUtilities-MethodSwizzler' in project 'GoogleUtilities'
        ➜ Explicit dependency on target 'third-party-IsAppEncrypted' in project 'GoogleUtilities'
        ➜ Explicit dependency on target 'GoogleUtilities-Environment' in project 'GoogleUtilities'
        ➜ Explicit dependency on target 'GoogleUtilities-Logger' in project 'GoogleUtilities'
    Target 'GoogleUtilities_GoogleUtilities-MethodSwizzler' in project 'GoogleUtilities' (no dependencies)
    Target 'GULAppDelegateSwizzler' in project 'GoogleUtilities'
        ➜ Explicit dependency on target 'GoogleUtilities-AppDelegateSwizzler' in project 'GoogleUtilities'
        ➜ Explicit dependency on target 'GoogleUtilities_GoogleUtilities-AppDelegateSwizzler' in project 'GoogleUtilities'
        ➜ Explicit dependency on target 'third-party-IsAppEncrypted' in project 'GoogleUtilities'
        ➜ Explicit dependency on target 'GoogleUtilities-Environment' in project 'GoogleUtilities'
        ➜ Explicit dependency on target 'GoogleUtilities-Logger' in project 'GoogleUtilities'
        ➜ Explicit dependency on target 'GoogleUtilities-NSData' in project 'GoogleUtilities'
        ➜ Explicit dependency on target 'GoogleUtilities-Reachability' in project 'GoogleUtilities'
        ➜ Explicit dependency on target 'GoogleUtilities-Network' in project 'GoogleUtilities'
    Target 'GoogleUtilities-AppDelegateSwizzler' in project 'GoogleUtilities'
        ➜ Explicit dependency on target 'GoogleUtilities_GoogleUtilities-AppDelegateSwizzler' in project 'GoogleUtilities'
        ➜ Explicit dependency on target 'third-party-IsAppEncrypted' in project 'GoogleUtilities'
        ➜ Explicit dependency on target 'GoogleUtilities-Environment' in project 'GoogleUtilities'
        ➜ Explicit dependency on target 'GoogleUtilities-Logger' in project 'GoogleUtilities'
        ➜ Explicit dependency on target 'GoogleUtilities-NSData' in project 'GoogleUtilities'
        ➜ Explicit dependency on target 'GoogleUtilities-Reachability' in project 'GoogleUtilities'
        ➜ Explicit dependency on target 'GoogleUtilities-Network' in project 'GoogleUtilities'
    Target 'GoogleUtilities-Network' in project 'GoogleUtilities'
        ➜ Explicit dependency on target 'GoogleUtilities_GoogleUtilities-Network' in project 'GoogleUtilities'
        ➜ Explicit dependency on target 'third-party-IsAppEncrypted' in project 'GoogleUtilities'
        ➜ Explicit dependency on target 'GoogleUtilities-Environment' in project 'GoogleUtilities'
        ➜ Explicit dependency on target 'GoogleUtilities-Logger' in project 'GoogleUtilities'
        ➜ Explicit dependency on target 'GoogleUtilities-NSData' in project 'GoogleUtilities'
        ➜ Explicit dependency on target 'GoogleUtilities-Reachability' in project 'GoogleUtilities'
    Target 'GoogleUtilities_GoogleUtilities-Network' in project 'GoogleUtilities' (no dependencies)
    Target 'GoogleUtilities-Reachability' in project 'GoogleUtilities'
        ➜ Explicit dependency on target 'GoogleUtilities_GoogleUtilities-Reachability' in project 'GoogleUtilities'
        ➜ Explicit dependency on target 'third-party-IsAppEncrypted' in project 'GoogleUtilities'
        ➜ Explicit dependency on target 'GoogleUtilities-Environment' in project 'GoogleUtilities'
        ➜ Explicit dependency on target 'GoogleUtilities-Logger' in project 'GoogleUtilities'
    Target 'GoogleUtilities_GoogleUtilities-Reachability' in project 'GoogleUtilities' (no dependencies)
    Target 'GoogleUtilities_GoogleUtilities-AppDelegateSwizzler' in project 'GoogleUtilities' (no dependencies)
    Target 'FirebaseInstallations' in project 'Firebase'
        ➜ Explicit dependency on target 'Firebase_FirebaseInstallations' in project 'Firebase'
        ➜ Explicit dependency on target 'Firebase' in project 'Firebase'
        ➜ Explicit dependency on target 'FirebaseCoreInternal' in project 'Firebase'
        ➜ Explicit dependency on target 'FirebaseCore' in project 'Firebase'
        ➜ Explicit dependency on target 'GULNSData' in project 'GoogleUtilities'
        ➜ Explicit dependency on target 'GULEnvironment' in project 'GoogleUtilities'
        ➜ Explicit dependency on target 'GULLogger' in project 'GoogleUtilities'
        ➜ Explicit dependency on target 'FBLPromises' in project 'Promises'
        ➜ Explicit dependency on target 'GULUserDefaults' in project 'GoogleUtilities'
    Target 'GULUserDefaults' in project 'GoogleUtilities'
        ➜ Explicit dependency on target 'GoogleUtilities-UserDefaults' in project 'GoogleUtilities'
        ➜ Explicit dependency on target 'GoogleUtilities_GoogleUtilities-UserDefaults' in project 'GoogleUtilities'
        ➜ Explicit dependency on target 'third-party-IsAppEncrypted' in project 'GoogleUtilities'
        ➜ Explicit dependency on target 'GoogleUtilities-Environment' in project 'GoogleUtilities'
        ➜ Explicit dependency on target 'GoogleUtilities-Logger' in project 'GoogleUtilities'
    Target 'GoogleUtilities-UserDefaults' in project 'GoogleUtilities'
        ➜ Explicit dependency on target 'GoogleUtilities_GoogleUtilities-UserDefaults' in project 'GoogleUtilities'
        ➜ Explicit dependency on target 'third-party-IsAppEncrypted' in project 'GoogleUtilities'
        ➜ Explicit dependency on target 'GoogleUtilities-Environment' in project 'GoogleUtilities'
        ➜ Explicit dependency on target 'GoogleUtilities-Logger' in project 'GoogleUtilities'
    Target 'GoogleUtilities_GoogleUtilities-UserDefaults' in project 'GoogleUtilities' (no dependencies)
    Target 'FBLPromises' in project 'Promises'
        ➜ Explicit dependency on target 'FBLPromises' in project 'Promises'
        ➜ Explicit dependency on target 'Promises_FBLPromises' in project 'Promises'
    Target 'FBLPromises' in project 'Promises'
        ➜ Explicit dependency on target 'Promises_FBLPromises' in project 'Promises'
    Target 'Promises_FBLPromises' in project 'Promises' (no dependencies)
    Target 'Firebase_FirebaseInstallations' in project 'Firebase' (no dependencies)
    Target 'FirebaseCore' in project 'Firebase'
        ➜ Explicit dependency on target 'Firebase_FirebaseCore' in project 'Firebase'
        ➜ Explicit dependency on target 'Firebase' in project 'Firebase'
        ➜ Explicit dependency on target 'FirebaseCoreInternal' in project 'Firebase'
        ➜ Explicit dependency on target 'GULNSData' in project 'GoogleUtilities'
        ➜ Explicit dependency on target 'GULEnvironment' in project 'GoogleUtilities'
        ➜ Explicit dependency on target 'GULLogger' in project 'GoogleUtilities'
    Target 'GULLogger' in project 'GoogleUtilities'
        ➜ Explicit dependency on target 'GoogleUtilities-Logger' in project 'GoogleUtilities'
        ➜ Explicit dependency on target 'GoogleUtilities_GoogleUtilities-Logger' in project 'GoogleUtilities'
        ➜ Explicit dependency on target 'third-party-IsAppEncrypted' in project 'GoogleUtilities'
        ➜ Explicit dependency on target 'GoogleUtilities-Environment' in project 'GoogleUtilities'
    Target 'GoogleUtilities-Logger' in project 'GoogleUtilities'
        ➜ Explicit dependency on target 'GoogleUtilities_GoogleUtilities-Logger' in project 'GoogleUtilities'
        ➜ Explicit dependency on target 'third-party-IsAppEncrypted' in project 'GoogleUtilities'
        ➜ Explicit dependency on target 'GoogleUtilities-Environment' in project 'GoogleUtilities'
    Target 'GoogleUtilities_GoogleUtilities-Logger' in project 'GoogleUtilities' (no dependencies)
    Target 'GULEnvironment' in project 'GoogleUtilities'
        ➜ Explicit dependency on target 'GoogleUtilities-Environment' in project 'GoogleUtilities'
        ➜ Explicit dependency on target 'GoogleUtilities_GoogleUtilities-Environment' in project 'GoogleUtilities'
        ➜ Explicit dependency on target 'third-party-IsAppEncrypted' in project 'GoogleUtilities'
    Target 'GoogleUtilities-Environment' in project 'GoogleUtilities'
        ➜ Explicit dependency on target 'GoogleUtilities_GoogleUtilities-Environment' in project 'GoogleUtilities'
        ➜ Explicit dependency on target 'third-party-IsAppEncrypted' in project 'GoogleUtilities'
    Target 'third-party-IsAppEncrypted' in project 'GoogleUtilities' (no dependencies)
    Target 'GoogleUtilities_GoogleUtilities-Environment' in project 'GoogleUtilities' (no dependencies)
    Target 'Firebase_FirebaseCore' in project 'Firebase' (no dependencies)
    Target 'FirebaseCoreInternal' in project 'Firebase'
        ➜ Explicit dependency on target 'Firebase_FirebaseCoreInternal' in project 'Firebase'
        ➜ Explicit dependency on target 'GULNSData' in project 'GoogleUtilities'
    Target 'GULNSData' in project 'GoogleUtilities'
        ➜ Explicit dependency on target 'GoogleUtilities-NSData' in project 'GoogleUtilities'
        ➜ Explicit dependency on target 'GoogleUtilities_GoogleUtilities-NSData' in project 'GoogleUtilities'
    Target 'GoogleUtilities-NSData' in project 'GoogleUtilities'
        ➜ Explicit dependency on target 'GoogleUtilities_GoogleUtilities-NSData' in project 'GoogleUtilities'
    Target 'GoogleUtilities_GoogleUtilities-NSData' in project 'GoogleUtilities' (no dependencies)
    Target 'Firebase_FirebaseCoreInternal' in project 'Firebase' (no dependencies)
    Target 'Firebase' in project 'Firebase' (no dependencies)
    Target 'RxSwift' in project 'RxSwift'
        ➜ Explicit dependency on target 'RxSwift' in project 'RxSwift'
        ➜ Explicit dependency on target 'RxSwift_RxSwift' in project 'RxSwift'
    Target 'RxSwift' in project 'RxSwift'
        ➜ Explicit dependency on target 'RxSwift_RxSwift' in project 'RxSwift'
    Target 'RxSwift_RxSwift' in project 'RxSwift' (no dependencies)
    Target 'IQKeyboardManagerSwift' in project 'IQKeyboardManagerSwift'
        ➜ Explicit dependency on target 'IQKeyboardManagerSwift' in project 'IQKeyboardManagerSwift'
        ➜ Explicit dependency on target 'IQKeyboardManagerSwift_IQKeyboardManagerSwift' in project 'IQKeyboardManagerSwift'
        ➜ Explicit dependency on target 'IQKeyboardNotification' in project 'IQKeyboardNotification'
        ➜ Explicit dependency on target 'IQTextInputViewNotification' in project 'IQTextInputViewNotification'
        ➜ Explicit dependency on target 'IQKeyboardToolbarManager' in project 'IQKeyboardToolbarManager'
        ➜ Explicit dependency on target 'IQKeyboardReturnManager' in project 'IQKeyboardReturnManager'
        ➜ Explicit dependency on target 'IQTextView' in project 'IQTextView'
    Target 'IQKeyboardManagerSwift' in project 'IQKeyboardManagerSwift'
        ➜ Explicit dependency on target 'IQKeyboardManagerSwift_IQKeyboardManagerSwift' in project 'IQKeyboardManagerSwift'
        ➜ Explicit dependency on target 'IQKeyboardNotification' in project 'IQKeyboardNotification'
        ➜ Explicit dependency on target 'IQTextInputViewNotification' in project 'IQTextInputViewNotification'
        ➜ Explicit dependency on target 'IQKeyboardToolbarManager' in project 'IQKeyboardToolbarManager'
        ➜ Explicit dependency on target 'IQKeyboardReturnManager' in project 'IQKeyboardReturnManager'
        ➜ Explicit dependency on target 'IQTextView' in project 'IQTextView'
    Target 'IQTextView' in project 'IQTextView'
        ➜ Explicit dependency on target 'IQTextView' in project 'IQTextView'
        ➜ Explicit dependency on target 'IQTextView_IQTextView' in project 'IQTextView'
        ➜ Explicit dependency on target 'IQKeyboardToolbar' in project 'IQKeyboardToolbar'
    Target 'IQTextView' in project 'IQTextView'
        ➜ Explicit dependency on target 'IQTextView_IQTextView' in project 'IQTextView'
        ➜ Explicit dependency on target 'IQKeyboardToolbar' in project 'IQKeyboardToolbar'
    Target 'IQTextView_IQTextView' in project 'IQTextView' (no dependencies)
    Target 'IQKeyboardReturnManager' in project 'IQKeyboardReturnManager'
        ➜ Explicit dependency on target 'IQKeyboardReturnManager' in project 'IQKeyboardReturnManager'
        ➜ Explicit dependency on target 'IQKeyboardReturnManager_IQKeyboardReturnManager' in project 'IQKeyboardReturnManager'
        ➜ Explicit dependency on target 'IQKeyboardCore' in project 'IQKeyboardCore'
    Target 'IQKeyboardReturnManager' in project 'IQKeyboardReturnManager'
        ➜ Explicit dependency on target 'IQKeyboardReturnManager_IQKeyboardReturnManager' in project 'IQKeyboardReturnManager'
        ➜ Explicit dependency on target 'IQKeyboardCore' in project 'IQKeyboardCore'
    Target 'IQKeyboardReturnManager_IQKeyboardReturnManager' in project 'IQKeyboardReturnManager' (no dependencies)
    Target 'IQKeyboardToolbarManager' in project 'IQKeyboardToolbarManager'
        ➜ Explicit dependency on target 'IQKeyboardToolbarManager' in project 'IQKeyboardToolbarManager'
        ➜ Explicit dependency on target 'IQKeyboardToolbarManager_IQKeyboardToolbarManager' in project 'IQKeyboardToolbarManager'
        ➜ Explicit dependency on target 'IQKeyboardToolbar' in project 'IQKeyboardToolbar'
        ➜ Explicit dependency on target 'IQTextInputViewNotification' in project 'IQTextInputViewNotification'
    Target 'IQKeyboardToolbarManager' in project 'IQKeyboardToolbarManager'
        ➜ Explicit dependency on target 'IQKeyboardToolbarManager_IQKeyboardToolbarManager' in project 'IQKeyboardToolbarManager'
        ➜ Explicit dependency on target 'IQKeyboardToolbar' in project 'IQKeyboardToolbar'
        ➜ Explicit dependency on target 'IQTextInputViewNotification' in project 'IQTextInputViewNotification'
    Target 'IQKeyboardToolbar' in project 'IQKeyboardToolbar'
        ➜ Explicit dependency on target 'IQKeyboardToolbar' in project 'IQKeyboardToolbar'
        ➜ Explicit dependency on target 'IQKeyboardToolbar_IQKeyboardToolbar' in project 'IQKeyboardToolbar'
        ➜ Explicit dependency on target 'IQKeyboardCore' in project 'IQKeyboardCore'
    Target 'IQKeyboardToolbar' in project 'IQKeyboardToolbar'
        ➜ Explicit dependency on target 'IQKeyboardToolbar_IQKeyboardToolbar' in project 'IQKeyboardToolbar'
        ➜ Explicit dependency on target 'IQKeyboardCore' in project 'IQKeyboardCore'
    Target 'IQKeyboardToolbar_IQKeyboardToolbar' in project 'IQKeyboardToolbar' (no dependencies)
    Target 'IQKeyboardToolbarManager_IQKeyboardToolbarManager' in project 'IQKeyboardToolbarManager' (no dependencies)
    Target 'IQTextInputViewNotification' in project 'IQTextInputViewNotification'
        ➜ Explicit dependency on target 'IQTextInputViewNotification' in project 'IQTextInputViewNotification'
        ➜ Explicit dependency on target 'IQTextInputViewNotification_IQTextInputViewNotification' in project 'IQTextInputViewNotification'
        ➜ Explicit dependency on target 'IQKeyboardCore' in project 'IQKeyboardCore'
    Target 'IQTextInputViewNotification' in project 'IQTextInputViewNotification'
        ➜ Explicit dependency on target 'IQTextInputViewNotification_IQTextInputViewNotification' in project 'IQTextInputViewNotification'
        ➜ Explicit dependency on target 'IQKeyboardCore' in project 'IQKeyboardCore'
    Target 'IQKeyboardCore' in project 'IQKeyboardCore'
        ➜ Explicit dependency on target 'IQKeyboardCore' in project 'IQKeyboardCore'
        ➜ Explicit dependency on target 'IQKeyboardCore_IQKeyboardCore' in project 'IQKeyboardCore'
    Target 'IQKeyboardCore' in project 'IQKeyboardCore'
        ➜ Explicit dependency on target 'IQKeyboardCore_IQKeyboardCore' in project 'IQKeyboardCore'
    Target 'IQKeyboardCore_IQKeyboardCore' in project 'IQKeyboardCore' (no dependencies)
    Target 'IQTextInputViewNotification_IQTextInputViewNotification' in project 'IQTextInputViewNotification' (no dependencies)
    Target 'IQKeyboardNotification' in project 'IQKeyboardNotification'
        ➜ Explicit dependency on target 'IQKeyboardNotification' in project 'IQKeyboardNotification'
        ➜ Explicit dependency on target 'IQKeyboardNotification_IQKeyboardNotification' in project 'IQKeyboardNotification'
    Target 'IQKeyboardNotification' in project 'IQKeyboardNotification'
        ➜ Explicit dependency on target 'IQKeyboardNotification_IQKeyboardNotification' in project 'IQKeyboardNotification'
    Target 'IQKeyboardNotification_IQKeyboardNotification' in project 'IQKeyboardNotification' (no dependencies)
    Target 'IQKeyboardManagerSwift_IQKeyboardManagerSwift' in project 'IQKeyboardManagerSwift' (no dependencies)
    Target 'Differentiator' in project 'RxDataSources'
        ➜ Explicit dependency on target 'Differentiator' in project 'RxDataSources'
    Target 'Differentiator' in project 'RxDataSources' (no dependencies)
    Target 'DoSurfWidgetExtensionExtension' in project 'DoSurfApp' (no dependencies)
    Target 'DoSurfWatch Watch App' in project 'DoSurfApp'
        ➜ Explicit dependency on target 'DoSurfWatch Watch App WatchKitExtension' in project 'DoSurfApp'
    Target 'DoSurfWatch Watch App WatchKitExtension' in project 'DoSurfApp' (no dependencies)

GatherProvisioningInputs

CreateBuildDescription

ExecuteExternalTool /Applications/Xcode.app/Contents/Developer/usr/bin/actool --version --output-format xml1

ExecuteExternalTool /Applications/Xcode.app/Contents/Developer/Toolchains/XcodeDefault.xctoolchain/usr/bin/swiftc --version

ExecuteExternalTool /Applications/Xcode.app/Contents/Developer/Toolchains/XcodeDefault.xctoolchain/usr/bin/clang -v -E -dM -arch arm64 -isysroot /Applications/Xcode.app/Contents/Developer/Platforms/iPhoneSimulator.platform/Developer/SDKs/iPhoneSimulator26.2.sdk -x objective-c -c /dev/null

ExecuteExternalTool /Applications/Xcode.app/Contents/Developer/Toolchains/XcodeDefault.xctoolchain/usr/bin/clang -v -E -dM -isysroot /Applications/Xcode.app/Contents/Developer/Platforms/iPhoneSimulator.platform/Developer/SDKs/iPhoneSimulator26.2.sdk -x c -c /dev/null

ExecuteExternalTool /Applications/Xcode.app/Contents/Developer/Toolchains/XcodeDefault.xctoolchain/usr/bin/clang -v -E -dM -arch arm64 -isysroot /Applications/Xcode.app/Contents/Developer/Platforms/iPhoneSimulator.platform/Developer/SDKs/iPhoneSimulator26.2.sdk -x c -c /dev/null

ExecuteExternalTool /Applications/Xcode.app/Contents/Developer/Toolchains/XcodeDefault.xctoolchain/usr/bin/clang -v -E -dM -isysroot /Applications/Xcode.app/Contents/Developer/Platforms/WatchSimulator.platform/Developer/SDKs/WatchSimulator26.2.sdk -x c -c /dev/null

ExecuteExternalTool /Applications/Xcode.app/Contents/Developer/usr/bin/ibtool --version --output-format xml1

ExecuteExternalTool /Applications/Xcode.app/Contents/Developer/usr/bin/momc --dry-run --action generate --swift-version 5.0 --sdkroot /Applications/Xcode.app/Contents/Developer/Platforms/iPhoneSimulator.platform/Developer/SDKs/iPhoneSimulator26.2.sdk --iphonesimulator-deployment-target 16.2 --module DoSurfApp /Users/piri/shared/active/DoSurf-iOS-iosclaw/DoSurfApp/Domain/Model/SurfRecordModel.xcdatamodeld /Users/piri/Library/Developer/Xcode/DerivedData/DoSurfApp-gsfzlkocnokhwogeccamufjbufgl/Build/Intermediates.noindex/DoSurfApp.build/Debug-iphonesimulator/DoSurfApp.build/DerivedSources/CoreDataGenerated/SurfRecordModel

ExecuteExternalTool /Applications/Xcode.app/Contents/Developer/Toolchains/XcodeDefault.xctoolchain/usr/bin/ld -version_details

ExecuteExternalTool /Applications/Xcode.app/Contents/Developer/usr/bin/actool --print-asset-tag-combinations --output-format xml1 /Users/piri/shared/active/DoSurf-iOS-iosclaw/DoSurfApp/App/Assets.xcassets

ExecuteExternalTool /Applications/Xcode.app/Contents/Developer/Toolchains/XcodeDefault.xctoolchain/usr/bin/clang -v -E -dM -arch x86_64 -isysroot /Applications/Xcode.app/Contents/Developer/Platforms/iPhoneSimulator.platform/Developer/SDKs/iPhoneSimulator26.2.sdk -x objective-c -c /dev/null

ExecuteExternalTool /Applications/Xcode.app/Contents/Developer/Toolchains/XcodeDefault.xctoolchain/usr/bin/clang -v -E -dM -arch arm64 -isysroot /Applications/Xcode.app/Contents/Developer/Platforms/iPhoneSimulator.platform/Developer/SDKs/iPhoneSimulator26.2.sdk -x c++ -c /dev/null

ExecuteExternalTool /Applications/Xcode.app/Contents/Developer/Toolchains/XcodeDefault.xctoolchain/usr/bin/clang -v -E -dM -arch x86_64 -isysroot /Applications/Xcode.app/Contents/Developer/Platforms/iPhoneSimulator.platform/Developer/SDKs/iPhoneSimulator26.2.sdk -x c -c /dev/null

ExecuteExternalTool /Applications/Xcode.app/Contents/Developer/Toolchains/XcodeDefault.xctoolchain/usr/bin/clang -v -E -dM -arch x86_64 -isysroot /Applications/Xcode.app/Contents/Developer/Platforms/iPhoneSimulator.platform/Developer/SDKs/iPhoneSimulator26.2.sdk -x c++ -c /dev/null

Build description signature: b704ae7fc32df736c121f8399f684783
Build description path: /Users/piri/Library/Developer/Xcode/DerivedData/DoSurfApp-gsfzlkocnokhwogeccamufjbufgl/Build/Intermediates.noindex/XCBuildData/b704ae7fc32df736c121f8399f684783.xcbuilddata
ClangStatCache /Applications/Xcode.app/Contents/Developer/Toolchains/XcodeDefault.xctoolchain/usr/bin/clang-stat-cache /Applications/Xcode.app/Contents/Developer/Platforms/iPhoneSimulator.platform/Developer/SDKs/iPhoneSimulator26.2.sdk /Users/piri/Library/Developer/Xcode/DerivedData/SDKStatCaches.noindex/iphonesimulator26.2-23C53-3885c01c3e6b6a337905948deab2002e7d00a8b37fbd7999ea79df8ebc024bf0.sdkstatcache
    cd /Users/piri/shared/active/DoSurf-iOS-iosclaw/DoSurfApp.xcodeproj
    /Applications/Xcode.app/Contents/Developer/Toolchains/XcodeDefault.xctoolchain/usr/bin/clang-stat-cache /Applications/Xcode.app/Contents/Developer/Platforms/iPhoneSimulator.platform/Developer/SDKs/iPhoneSimulator26.2.sdk -o /Users/piri/Library/Developer/Xcode/DerivedData/SDKStatCaches.noindex/iphonesimulator26.2-23C53-3885c01c3e6b6a337905948deab2002e7d00a8b37fbd7999ea79df8ebc024bf0.sdkstatcache

ClangStatCache /Applications/Xcode.app/Contents/Developer/Toolchains/XcodeDefault.xctoolchain/usr/bin/clang-stat-cache /Applications/Xcode.app/Contents/Developer/Platforms/WatchSimulator.platform/Developer/SDKs/WatchSimulator26.2.sdk /Users/piri/Library/Developer/Xcode/DerivedData/SDKStatCaches.noindex/watchsimulator26.2-23S303-3885c01c3e6b6a337905948deab2002e963ebdd26732d23a23bcca82c2045e26.sdkstatcache
    cd /Users/piri/shared/active/DoSurf-iOS-iosclaw/DoSurfApp.xcodeproj
    /Applications/Xcode.app/Contents/Developer/Toolchains/XcodeDefault.xctoolchain/usr/bin/clang-stat-cache /Applications/Xcode.app/Contents/Developer/Platforms/WatchSimulator.platform/Developer/SDKs/WatchSimulator26.2.sdk -o /Users/piri/Library/Developer/Xcode/DerivedData/SDKStatCaches.noindex/watchsimulator26.2-23S303-3885c01c3e6b6a337905948deab2002e963ebdd26732d23a23bcca82c2045e26.sdkstatcache

ProcessInfoPlistFile /Users/piri/Library/Developer/Xcode/DerivedData/DoSurfApp-gsfzlkocnokhwogeccamufjbufgl/Build/Products/Debug-iphonesimulator/nanopb_nanopb.bundle/Info.plist /Users/piri/Library/Developer/Xcode/DerivedData/DoSurfApp-gsfzlkocnokhwogeccamufjbufgl/Build/Intermediates.noindex/nanopb.build/Debug-iphonesimulator/nanopb_nanopb.build/empty-nanopb_nanopb.plist (in target 'nanopb_nanopb' from project 'nanopb')
    cd /Users/piri/Library/Developer/Xcode/DerivedData/DoSurfApp-gsfzlkocnokhwogeccamufjbufgl/SourcePackages/checkouts/nanopb
    builtin-infoPlistUtility /Users/piri/Library/Developer/Xcode/DerivedData/DoSurfApp-gsfzlkocnokhwogeccamufjbufgl/Build/Intermediates.noindex/nanopb.build/Debug-iphonesimulator/nanopb_nanopb.build/empty-nanopb_nanopb.plist -producttype com.apple.product-type.bundle -expandbuildsettings -format binary -platform iphonesimulator -o /Users/piri/Library/Developer/Xcode/DerivedData/DoSurfApp-gsfzlkocnokhwogeccamufjbufgl/Build/Products/Debug-iphonesimulator/nanopb_nanopb.bundle/Info.plist

ProcessInfoPlistFile /Users/piri/Library/Developer/Xcode/DerivedData/DoSurfApp-gsfzlkocnokhwogeccamufjbufgl/Build/Products/Debug-iphonesimulator/leveldb_leveldb.bundle/Info.plist /Users/piri/Library/Developer/Xcode/DerivedData/DoSurfApp-gsfzlkocnokhwogeccamufjbufgl/Build/Intermediates.noindex/leveldb.build/Debug-iphonesimulator/leveldb_leveldb.build/empty-leveldb_leveldb.plist (in target 'leveldb_leveldb' from project 'leveldb')
    cd /Users/piri/Library/Developer/Xcode/DerivedData/DoSurfApp-gsfzlkocnokhwogeccamufjbufgl/SourcePackages/checkouts/leveldb
    builtin-infoPlistUtility /Users/piri/Library/Developer/Xcode/DerivedData/DoSurfApp-gsfzlkocnokhwogeccamufjbufgl/Build/Intermediates.noindex/leveldb.build/Debug-iphonesimulator/leveldb_leveldb.build/empty-leveldb_leveldb.plist -producttype com.apple.product-type.bundle -expandbuildsettings -format binary -platform iphonesimulator -o /Users/piri/Library/Developer/Xcode/DerivedData/DoSurfApp-gsfzlkocnokhwogeccamufjbufgl/Build/Products/Debug-iphonesimulator/leveldb_leveldb.bundle/Info.plist

ProcessInfoPlistFile /Users/piri/Library/Developer/Xcode/DerivedData/DoSurfApp-gsfzlkocnokhwogeccamufjbufgl/Build/Products/Debug-iphonesimulator/gRPC_grpcppWrapper.bundle/Info.plist /Users/piri/Library/Developer/Xcode/DerivedData/DoSurfApp-gsfzlkocnokhwogeccamufjbufgl/Build/Intermediates.noindex/gRPC.build/Debug-iphonesimulator/gRPC_grpcppWrapper.build/empty-gRPC_grpcppWrapper.plist (in target 'gRPC_grpcppWrapper' from project 'gRPC')
    cd /Users/piri/Library/Developer/Xcode/DerivedData/DoSurfApp-gsfzlkocnokhwogeccamufjbufgl/SourcePackages/checkouts/grpc-binary
    builtin-infoPlistUtility /Users/piri/Library/Developer/Xcode/DerivedData/DoSurfApp-gsfzlkocnokhwogeccamufjbufgl/Build/Intermediates.noindex/gRPC.build/Debug-iphonesimulator/gRPC_grpcppWrapper.build/empty-gRPC_grpcppWrapper.plist -producttype com.apple.product-type.bundle -expandbuildsettings -format binary -platform iphonesimulator -o /Users/piri/Library/Developer/Xcode/DerivedData/DoSurfApp-gsfzlkocnokhwogeccamufjbufgl/Build/Products/Debug-iphonesimulator/gRPC_grpcppWrapper.bundle/Info.plist

ProcessInfoPlistFile /Users/piri/Library/Developer/Xcode/DerivedData/DoSurfApp-gsfzlkocnokhwogeccamufjbufgl/Build/Products/Debug-iphonesimulator/gRPC_opensslWrapper.bundle/Info.plist /Users/piri/Library/Developer/Xcode/DerivedData/DoSurfApp-gsfzlkocnokhwogeccamufjbufgl/Build/Intermediates.noindex/gRPC.build/Debug-iphonesimulator/gRPC_opensslWrapper.build/empty-gRPC_opensslWrapper.plist (in target 'gRPC_opensslWrapper' from project 'gRPC')
    cd /Users/piri/Library/Developer/Xcode/DerivedData/DoSurfApp-gsfzlkocnokhwogeccamufjbufgl/SourcePackages/checkouts/grpc-binary
    builtin-infoPlistUtility /Users/piri/Library/Developer/Xcode/DerivedData/DoSurfApp-gsfzlkocnokhwogeccamufjbufgl/Build/Intermediates.noindex/gRPC.build/Debug-iphonesimulator/gRPC_opensslWrapper.build/empty-gRPC_opensslWrapper.plist -producttype com.apple.product-type.bundle -expandbuildsettings -format binary -platform iphonesimulator -o /Users/piri/Library/Developer/Xcode/DerivedData/DoSurfApp-gsfzlkocnokhwogeccamufjbufgl/Build/Products/Debug-iphonesimulator/gRPC_opensslWrapper.bundle/Info.plist

ProcessInfoPlistFile /Users/piri/Library/Developer/Xcode/DerivedData/DoSurfApp-gsfzlkocnokhwogeccamufjbufgl/Build/Products/Debug-iphonesimulator/gRPC_grpcWrapper.bundle/Info.plist /Users/piri/Library/Developer/Xcode/DerivedData/DoSurfApp-gsfzlkocnokhwogeccamufjbufgl/Build/Intermediates.noindex/gRPC.build/Debug-iphonesimulator/gRPC_grpcWrapper.build/empty-gRPC_grpcWrapper.plist (in target 'gRPC_grpcWrapper' from project 'gRPC')
    cd /Users/piri/Library/Developer/Xcode/DerivedData/DoSurfApp-gsfzlkocnokhwogeccamufjbufgl/SourcePackages/checkouts/grpc-binary
    builtin-infoPlistUtility /Users/piri/Library/Developer/Xcode/DerivedData/DoSurfApp-gsfzlkocnokhwogeccamufjbufgl/Build/Intermediates.noindex/gRPC.build/Debug-iphonesimulator/gRPC_grpcWrapper.build/empty-gRPC_grpcWrapper.plist -producttype com.apple.product-type.bundle -expandbuildsettings -format binary -platform iphonesimulator -o /Users/piri/Library/Developer/Xcode/DerivedData/DoSurfApp-gsfzlkocnokhwogeccamufjbufgl/Build/Products/Debug-iphonesimulator/gRPC_grpcWrapper.bundle/Info.plist

ProcessInfoPlistFile /Users/piri/Library/Developer/Xcode/DerivedData/DoSurfApp-gsfzlkocnokhwogeccamufjbufgl/Build/Products/Debug-iphonesimulator/abseil_abslWrapper.bundle/Info.plist /Users/piri/Library/Developer/Xcode/DerivedData/DoSurfApp-gsfzlkocnokhwogeccamufjbufgl/Build/Intermediates.noindex/abseil.build/Debug-iphonesimulator/abseil_abslWrapper.build/empty-abseil_abslWrapper.plist (in target 'abseil_abslWrapper' from project 'abseil')
    cd /Users/piri/Library/Developer/Xcode/DerivedData/DoSurfApp-gsfzlkocnokhwogeccamufjbufgl/SourcePackages/checkouts/abseil-cpp-binary
    builtin-infoPlistUtility /Users/piri/Library/Developer/Xcode/DerivedData/DoSurfApp-gsfzlkocnokhwogeccamufjbufgl/Build/Intermediates.noindex/abseil.build/Debug-iphonesimulator/abseil_abslWrapper.build/empty-abseil_abslWrapper.plist -producttype com.apple.product-type.bundle -expandbuildsettings -format binary -platform iphonesimulator -o /Users/piri/Library/Developer/Xcode/DerivedData/DoSurfApp-gsfzlkocnokhwogeccamufjbufgl/Build/Products/Debug-iphonesimulator/abseil_abslWrapper.bundle/Info.plist

ProcessInfoPlistFile /Users/piri/Library/Developer/Xcode/DerivedData/DoSurfApp-gsfzlkocnokhwogeccamufjbufgl/Build/Products/Debug-iphonesimulator/SnapKit_SnapKit.bundle/Info.plist /Users/piri/Library/Developer/Xcode/DerivedData/DoSurfApp-gsfzlkocnokhwogeccamufjbufgl/Build/Intermediates.noindex/SnapKit.build/Debug-iphonesimulator/SnapKit_SnapKit.build/empty-SnapKit_SnapKit.plist (in target 'SnapKit_SnapKit' from project 'SnapKit')
    cd /Users/piri/Library/Developer/Xcode/DerivedData/DoSurfApp-gsfzlkocnokhwogeccamufjbufgl/SourcePackages/checkouts/SnapKit
    builtin-infoPlistUtility /Users/piri/Library/Developer/Xcode/DerivedData/DoSurfApp-gsfzlkocnokhwogeccamufjbufgl/Build/Intermediates.noindex/SnapKit.build/Debug-iphonesimulator/SnapKit_SnapKit.build/empty-SnapKit_SnapKit.plist -producttype com.apple.product-type.bundle -expandbuildsettings -format binary -platform iphonesimulator -o /Users/piri/Library/Developer/Xcode/DerivedData/DoSurfApp-gsfzlkocnokhwogeccamufjbufgl/Build/Products/Debug-iphonesimulator/SnapKit_SnapKit.bundle/Info.plist

ProcessInfoPlistFile /Users/piri/Library/Developer/Xcode/DerivedData/DoSurfApp-gsfzlkocnokhwogeccamufjbufgl/Build/Products/Debug-iphonesimulator/RxSwift_RxSwift.bundle/Info.plist /Users/piri/Library/Developer/Xcode/DerivedData/DoSurfApp-gsfzlkocnokhwogeccamufjbufgl/Build/Intermediates.noindex/RxSwift.build/Debug-iphonesimulator/RxSwift_RxSwift.build/empty-RxSwift_RxSwift.plist (in target 'RxSwift_RxSwift' from project 'RxSwift')
    cd /Users/piri/Library/Developer/Xcode/DerivedData/DoSurfApp-gsfzlkocnokhwogeccamufjbufgl/SourcePackages/checkouts/RxSwift
    builtin-infoPlistUtility /Users/piri/Library/Developer/Xcode/DerivedData/DoSurfApp-gsfzlkocnokhwogeccamufjbufgl/Build/Intermediates.noindex/RxSwift.build/Debug-iphonesimulator/RxSwift_RxSwift.build/empty-RxSwift_RxSwift.plist -producttype com.apple.product-type.bundle -expandbuildsettings -format binary -platform iphonesimulator -o /Users/piri/Library/Developer/Xcode/DerivedData/DoSurfApp-gsfzlkocnokhwogeccamufjbufgl/Build/Products/Debug-iphonesimulator/RxSwift_RxSwift.bundle/Info.plist

ProcessInfoPlistFile /Users/piri/Library/Developer/Xcode/DerivedData/DoSurfApp-gsfzlkocnokhwogeccamufjbufgl/Build/Products/Debug-iphonesimulator/RxSwift_RxCocoa.bundle/Info.plist /Users/piri/Library/Developer/Xcode/DerivedData/DoSurfApp-gsfzlkocnokhwogeccamufjbufgl/Build/Intermediates.noindex/RxSwift.build/Debug-iphonesimulator/RxSwift_RxCocoa.build/empty-RxSwift_RxCocoa.plist (in target 'RxSwift_RxCocoa' from project 'RxSwift')
    cd /Users/piri/Library/Developer/Xcode/DerivedData/DoSurfApp-gsfzlkocnokhwogeccamufjbufgl/SourcePackages/checkouts/RxSwift
    builtin-infoPlistUtility /Users/piri/Library/Developer/Xcode/DerivedData/DoSurfApp-gsfzlkocnokhwogeccamufjbufgl/Build/Intermediates.noindex/RxSwift.build/Debug-iphonesimulator/RxSwift_RxCocoa.build/empty-RxSwift_RxCocoa.plist -producttype com.apple.product-type.bundle -expandbuildsettings -format binary -platform iphonesimulator -o /Users/piri/Library/Developer/Xcode/DerivedData/DoSurfApp-gsfzlkocnokhwogeccamufjbufgl/Build/Products/Debug-iphonesimulator/RxSwift_RxCocoa.bundle/Info.plist

ProcessInfoPlistFile /Users/piri/Library/Developer/Xcode/DerivedData/DoSurfApp-gsfzlkocnokhwogeccamufjbufgl/Build/Products/Debug-iphonesimulator/Promises_FBLPromises.bundle/Info.plist /Users/piri/Library/Developer/Xcode/DerivedData/DoSurfApp-gsfzlkocnokhwogeccamufjbufgl/Build/Intermediates.noindex/Promises.build/Debug-iphonesimulator/Promises_FBLPromises.build/empty-Promises_FBLPromises.plist (in target 'Promises_FBLPromises' from project 'Promises')
    cd /Users/piri/Library/Developer/Xcode/DerivedData/DoSurfApp-gsfzlkocnokhwogeccamufjbufgl/SourcePackages/checkouts/promises
    builtin-infoPlistUtility /Users/piri/Library/Developer/Xcode/DerivedData/DoSurfApp-gsfzlkocnokhwogeccamufjbufgl/Build/Intermediates.noindex/Promises.build/Debug-iphonesimulator/Promises_FBLPromises.build/empty-Promises_FBLPromises.plist -producttype com.apple.product-type.bundle -expandbuildsettings -format binary -platform iphonesimulator -o /Users/piri/Library/Developer/Xcode/DerivedData/DoSurfApp-gsfzlkocnokhwogeccamufjbufgl/Build/Products/Debug-iphonesimulator/Promises_FBLPromises.bundle/Info.plist

ProcessInfoPlistFile /Users/piri/Library/Developer/Xcode/DerivedData/DoSurfApp-gsfzlkocnokhwogeccamufjbufgl/Build/Products/Debug-iphonesimulator/IQTextView_IQTextView.bundle/Info.plist /Users/piri/Library/Developer/Xcode/DerivedData/DoSurfApp-gsfzlkocnokhwogeccamufjbufgl/Build/Intermediates.noindex/IQTextView.build/Debug-iphonesimulator/IQTextView_IQTextView.build/empty-IQTextView_IQTextView.plist (in target 'IQTextView_IQTextView' from project 'IQTextView')
    cd /Users/piri/Library/Developer/Xcode/DerivedData/DoSurfApp-gsfzlkocnokhwogeccamufjbufgl/SourcePackages/checkouts/IQTextView
    builtin-infoPlistUtility /Users/piri/Library/Developer/Xcode/DerivedData/DoSurfApp-gsfzlkocnokhwogeccamufjbufgl/Build/Intermediates.noindex/IQTextView.build/Debug-iphonesimulator/IQTextView_IQTextView.build/empty-IQTextView_IQTextView.plist -producttype com.apple.product-type.bundle -expandbuildsettings -format binary -platform iphonesimulator -o /Users/piri/Library/Developer/Xcode/DerivedData/DoSurfApp-gsfzlkocnokhwogeccamufjbufgl/Build/Products/Debug-iphonesimulator/IQTextView_IQTextView.bundle/Info.plist

ProcessInfoPlistFile /Users/piri/Library/Developer/Xcode/DerivedData/DoSurfApp-gsfzlkocnokhwogeccamufjbufgl/Build/Products/Debug-iphonesimulator/IQTextInputViewNotification_IQTextInputViewNotification.bundle/Info.plist /Users/piri/Library/Developer/Xcode/DerivedData/DoSurfApp-gsfzlkocnokhwogeccamufjbufgl/Build/Intermediates.noindex/IQTextInputViewNotification.build/Debug-iphonesimulator/IQTextInputViewNotification_IQTextInputViewNotification.build/empty-IQTextInputViewNotification_IQTextInputViewNotification.plist (in target 'IQTextInputViewNotification_IQTextInputViewNotification' from project 'IQTextInputViewNotification')
    cd /Users/piri/Library/Developer/Xcode/DerivedData/DoSurfApp-gsfzlkocnokhwogeccamufjbufgl/SourcePackages/checkouts/IQTextInputViewNotification
    builtin-infoPlistUtility /Users/piri/Library/Developer/Xcode/DerivedData/DoSurfApp-gsfzlkocnokhwogeccamufjbufgl/Build/Intermediates.noindex/IQTextInputViewNotification.build/Debug-iphonesimulator/IQTextInputViewNotification_IQTextInputViewNotification.build/empty-IQTextInputViewNotification_IQTextInputViewNotification.plist -producttype com.apple.product-type.bundle -expandbuildsettings -format binary -platform iphonesimulator -o /Users/piri/Library/Developer/Xcode/DerivedData/DoSurfApp-gsfzlkocnokhwogeccamufjbufgl/Build/Products/Debug-iphonesimulator/IQTextInputViewNotification_IQTextInputViewNotification.bundle/Info.plist

ProcessInfoPlistFile /Users/piri/Library/Developer/Xcode/DerivedData/DoSurfApp-gsfzlkocnokhwogeccamufjbufgl/Build/Products/Debug-iphonesimulator/IQKeyboardToolbar_IQKeyboardToolbar.bundle/Info.plist /Users/piri/Library/Developer/Xcode/DerivedData/DoSurfApp-gsfzlkocnokhwogeccamufjbufgl/Build/Intermediates.noindex/IQKeyboardToolbar.build/Debug-iphonesimulator/IQKeyboardToolbar_IQKeyboardToolbar.build/empty-IQKeyboardToolbar_IQKeyboardToolbar.plist (in target 'IQKeyboardToolbar_IQKeyboardToolbar' from project 'IQKeyboardToolbar')
    cd /Users/piri/Library/Developer/Xcode/DerivedData/DoSurfApp-gsfzlkocnokhwogeccamufjbufgl/SourcePackages/checkouts/IQKeyboardToolbar
    builtin-infoPlistUtility /Users/piri/Library/Developer/Xcode/DerivedData/DoSurfApp-gsfzlkocnokhwogeccamufjbufgl/Build/Intermediates.noindex/IQKeyboardToolbar.build/Debug-iphonesimulator/IQKeyboardToolbar_IQKeyboardToolbar.build/empty-IQKeyboardToolbar_IQKeyboardToolbar.plist -producttype com.apple.product-type.bundle -expandbuildsettings -format binary -platform iphonesimulator -o /Users/piri/Library/Developer/Xcode/DerivedData/DoSurfApp-gsfzlkocnokhwogeccamufjbufgl/Build/Products/Debug-iphonesimulator/IQKeyboardToolbar_IQKeyboardToolbar.bundle/Info.plist

ProcessInfoPlistFile /Users/piri/Library/Developer/Xcode/DerivedData/DoSurfApp-gsfzlkocnokhwogeccamufjbufgl/Build/Products/Debug-iphonesimulator/IQKeyboardToolbarManager_IQKeyboardToolbarManager.bundle/Info.plist /Users/piri/Library/Developer/Xcode/DerivedData/DoSurfApp-gsfzlkocnokhwogeccamufjbufgl/Build/Intermediates.noindex/IQKeyboardToolbarManager.build/Debug-iphonesimulator/IQKeyboardToolbarManager_IQKeyboardToolbarManager.build/empty-IQKeyboardToolbarManager_IQKeyboardToolbarManager.plist (in target 'IQKeyboardToolbarManager_IQKeyboardToolbarManager' from project 'IQKeyboardToolbarManager')
    cd /Users/piri/Library/Developer/Xcode/DerivedData/DoSurfApp-gsfzlkocnokhwogeccamufjbufgl/SourcePackages/checkouts/IQKeyboardToolbarManager
    builtin-infoPlistUtility /Users/piri/Library/Developer/Xcode/DerivedData/DoSurfApp-gsfzlkocnokhwogeccamufjbufgl/Build/Intermediates.noindex/IQKeyboardToolbarManager.build/Debug-iphonesimulator/IQKeyboardToolbarManager_IQKeyboardToolbarManager.build/empty-IQKeyboardToolbarManager_IQKeyboardToolbarManager.plist -producttype com.apple.product-type.bundle -expandbuildsettings -format binary -platform iphonesimulator -o /Users/piri/Library/Developer/Xcode/DerivedData/DoSurfApp-gsfzlkocnokhwogeccamufjbufgl/Build/Products/Debug-iphonesimulator/IQKeyboardToolbarManager_IQKeyboardToolbarManager.bundle/Info.plist

ProcessInfoPlistFile /Users/piri/Library/Developer/Xcode/DerivedData/DoSurfApp-gsfzlkocnokhwogeccamufjbufgl/Build/Products/Debug-iphonesimulator/IQKeyboardReturnManager_IQKeyboardReturnManager.bundle/Info.plist /Users/piri/Library/Developer/Xcode/DerivedData/DoSurfApp-gsfzlkocnokhwogeccamufjbufgl/Build/Intermediates.noindex/IQKeyboardReturnManager.build/Debug-iphonesimulator/IQKeyboardReturnManager_IQKeyboardReturnManager.build/empty-IQKeyboardReturnManager_IQKeyboardReturnManager.plist (in target 'IQKeyboardReturnManager_IQKeyboardReturnManager' from project 'IQKeyboardReturnManager')
    cd /Users/piri/Library/Developer/Xcode/DerivedData/DoSurfApp-gsfzlkocnokhwogeccamufjbufgl/SourcePackages/checkouts/IQKeyboardReturnManager
    builtin-infoPlistUtility /Users/piri/Library/Developer/Xcode/DerivedData/DoSurfApp-gsfzlkocnokhwogeccamufjbufgl/Build/Intermediates.noindex/IQKeyboardReturnManager.build/Debug-iphonesimulator/IQKeyboardReturnManager_IQKeyboardReturnManager.build/empty-IQKeyboardReturnManager_IQKeyboardReturnManager.plist -producttype com.apple.product-type.bundle -expandbuildsettings -format binary -platform iphonesimulator -o /Users/piri/Library/Developer/Xcode/DerivedData/DoSurfApp-gsfzlkocnokhwogeccamufjbufgl/Build/Products/Debug-iphonesimulator/IQKeyboardReturnManager_IQKeyboardReturnManager.bundle/Info.plist

ProcessInfoPlistFile /Users/piri/Library/Developer/Xcode/DerivedData/DoSurfApp-gsfzlkocnokhwogeccamufjbufgl/Build/Products/Debug-iphonesimulator/IQKeyboardNotification_IQKeyboardNotification.bundle/Info.plist /Users/piri/Library/Developer/Xcode/DerivedData/DoSurfApp-gsfzlkocnokhwogeccamufjbufgl/Build/Intermediates.noindex/IQKeyboardNotification.build/Debug-iphonesimulator/IQKeyboardNotification_IQKeyboardNotification.build/empty-IQKeyboardNotification_IQKeyboardNotification.plist (in target 'IQKeyboardNotification_IQKeyboardNotification' from project 'IQKeyboardNotification')
    cd /Users/piri/Library/Developer/Xcode/DerivedData/DoSurfApp-gsfzlkocnokhwogeccamufjbufgl/SourcePackages/checkouts/IQKeyboardNotification
    builtin-infoPlistUtility /Users/piri/Library/Developer/Xcode/DerivedData/DoSurfApp-gsfzlkocnokhwogeccamufjbufgl/Build/Intermediates.noindex/IQKeyboardNotification.build/Debug-iphonesimulator/IQKeyboardNotification_IQKeyboardNotification.build/empty-IQKeyboardNotification_IQKeyboardNotification.plist -producttype com.apple.product-type.bundle -expandbuildsettings -format binary -platform iphonesimulator -o /Users/piri/Library/Developer/Xcode/DerivedData/DoSurfApp-gsfzlkocnokhwogeccamufjbufgl/Build/Products/Debug-iphonesimulator/IQKeyboardNotification_IQKeyboardNotification.bundle/Info.plist

ProcessInfoPlistFile /Users/piri/Library/Developer/Xcode/DerivedData/DoSurfApp-gsfzlkocnokhwogeccamufjbufgl/Build/Products/Debug-iphonesimulator/IQKeyboardCore_IQKeyboardCore.bundle/Info.plist /Users/piri/Library/Developer/Xcode/DerivedData/DoSurfApp-gsfzlkocnokhwogeccamufjbufgl/Build/Intermediates.noindex/IQKeyboardCore.build/Debug-iphonesimulator/IQKeyboardCore_IQKeyboardCore.build/empty-IQKeyboardCore_IQKeyboardCore.plist (in target 'IQKeyboardCore_IQKeyboardCore' from project 'IQKeyboardCore')
    cd /Users/piri/Library/Developer/Xcode/DerivedData/DoSurfApp-gsfzlkocnokhwogeccamufjbufgl/SourcePackages/checkouts/IQKeyboardCore
    builtin-infoPlistUtility /Users/piri/Library/Developer/Xcode/DerivedData/DoSurfApp-gsfzlkocnokhwogeccamufjbufgl/Build/Intermediates.noindex/IQKeyboardCore.build/Debug-iphonesimulator/IQKeyboardCore_IQKeyboardCore.build/empty-IQKeyboardCore_IQKeyboardCore.plist -producttype com.apple.product-type.bundle -expandbuildsettings -format binary -platform iphonesimulator -o /Users/piri/Library/Developer/Xcode/DerivedData/DoSurfApp-gsfzlkocnokhwogeccamufjbufgl/Build/Products/Debug-iphonesimulator/IQKeyboardCore_IQKeyboardCore.bundle/Info.plist

ProcessInfoPlistFile /Users/piri/Library/Developer/Xcode/DerivedData/DoSurfApp-gsfzlkocnokhwogeccamufjbufgl/Build/Products/Debug-iphonesimulator/IQKeyboardManagerSwift_IQKeyboardManagerSwift.bundle/Info.plist /Users/piri/Library/Developer/Xcode/DerivedData/DoSurfApp-gsfzlkocnokhwogeccamufjbufgl/Build/Intermediates.noindex/IQKeyboardManagerSwift.build/Debug-iphonesimulator/IQKeyboardManagerSwift_IQKeyboardManagerSwift.build/empty-IQKeyboardManagerSwift_IQKeyboardManagerSwift.plist (in target 'IQKeyboardManagerSwift_IQKeyboardManagerSwift' from project 'IQKeyboardManagerSwift')
    cd /Users/piri/Library/Developer/Xcode/DerivedData/DoSurfApp-gsfzlkocnokhwogeccamufjbufgl/SourcePackages/checkouts/IQKeyboardManager
    builtin-infoPlistUtility /Users/piri/Library/Developer/Xcode/DerivedData/DoSurfApp-gsfzlkocnokhwogeccamufjbufgl/Build/Intermediates.noindex/IQKeyboardManagerSwift.build/Debug-iphonesimulator/IQKeyboardManagerSwift_IQKeyboardManagerSwift.build/empty-IQKeyboardManagerSwift_IQKeyboardManagerSwift.plist -producttype com.apple.product-type.bundle -expandbuildsettings -format binary -platform iphonesimulator -o /Users/piri/Library/Developer/Xcode/DerivedData/DoSurfApp-gsfzlkocnokhwogeccamufjbufgl/Build/Products/Debug-iphonesimulator/IQKeyboardManagerSwift_IQKeyboardManagerSwift.bundle/Info.plist

ProcessInfoPlistFile /Users/piri/Library/Developer/Xcode/DerivedData/DoSurfApp-gsfzlkocnokhwogeccamufjbufgl/Build/Products/Debug-iphonesimulator/GoogleUtilities_GoogleUtilities-NSData.bundle/Info.plist /Users/piri/Library/Developer/Xcode/DerivedData/DoSurfApp-gsfzlkocnokhwogeccamufjbufgl/Build/Intermediates.noindex/GoogleUtilities.build/Debug-iphonesimulator/GoogleUtilities_GoogleUtilities-NSData.build/empty-GoogleUtilities_GoogleUtilities-NSData.plist (in target 'GoogleUtilities_GoogleUtilities-NSData' from project 'GoogleUtilities')
    cd /Users/piri/Library/Developer/Xcode/DerivedData/DoSurfApp-gsfzlkocnokhwogeccamufjbufgl/SourcePackages/checkouts/GoogleUtilities
    builtin-infoPlistUtility /Users/piri/Library/Developer/Xcode/DerivedData/DoSurfApp-gsfzlkocnokhwogeccamufjbufgl/Build/Intermediates.noindex/GoogleUtilities.build/Debug-iphonesimulator/GoogleUtilities_GoogleUtilities-NSData.build/empty-GoogleUtilities_GoogleUtilities-NSData.plist -producttype com.apple.product-type.bundle -expandbuildsettings -format binary -platform iphonesimulator -o /Users/piri/Library/Developer/Xcode/DerivedData/DoSurfApp-gsfzlkocnokhwogeccamufjbufgl/Build/Products/Debug-iphonesimulator/GoogleUtilities_GoogleUtilities-NSData.bundle/Info.plist

ProcessInfoPlistFile /Users/piri/Library/Developer/Xcode/DerivedData/DoSurfApp-gsfzlkocnokhwogeccamufjbufgl/Build/Products/Debug-iphonesimulator/Firebase_FirebaseCoreExtension.bundle/Info.plist /Users/piri/Library/Developer/Xcode/DerivedData/DoSurfApp-gsfzlkocnokhwogeccamufjbufgl/Build/Intermediates.noindex/Firebase.build/Debug-iphonesimulator/Firebase_FirebaseCoreExtension.build/empty-Firebase_FirebaseCoreExtension.plist (in target 'Firebase_FirebaseCoreExtension' from project 'Firebase')
    cd /Users/piri/Library/Developer/Xcode/DerivedData/DoSurfApp-gsfzlkocnokhwogeccamufjbufgl/SourcePackages/checkouts/firebase-ios-sdk
    builtin-infoPlistUtility /Users/piri/Library/Developer/Xcode/DerivedData/DoSurfApp-gsfzlkocnokhwogeccamufjbufgl/Build/Intermediates.noindex/Firebase.build/Debug-iphonesimulator/Firebase_FirebaseCoreExtension.build/empty-Firebase_FirebaseCoreExtension.plist -producttype com.apple.product-type.bundle -expandbuildsettings -format binary -platform iphonesimulator -o /Users/piri/Library/Developer/Xcode/DerivedData/DoSurfApp-gsfzlkocnokhwogeccamufjbufgl/Build/Products/Debug-iphonesimulator/Firebase_FirebaseCoreExtension.bundle/Info.plist

ProcessInfoPlistFile /Users/piri/Library/Developer/Xcode/DerivedData/DoSurfApp-gsfzlkocnokhwogeccamufjbufgl/Build/Products/Debug-iphonesimulator/GoogleUtilities_GoogleUtilities-Reachability.bundle/Info.plist /Users/piri/Library/Developer/Xcode/DerivedData/DoSurfApp-gsfzlkocnokhwogeccamufjbufgl/Build/Intermediates.noindex/GoogleUtilities.build/Debug-iphonesimulator/GoogleUtilities_GoogleUtilities-Reachability.build/empty-GoogleUtilities_GoogleUtilities-Reachability.plist (in target 'GoogleUtilities_GoogleUtilities-Reachability' from project 'GoogleUtilities')
    cd /Users/piri/Library/Developer/Xcode/DerivedData/DoSurfApp-gsfzlkocnokhwogeccamufjbufgl/SourcePackages/checkouts/GoogleUtilities
    builtin-infoPlistUtility /Users/piri/Library/Developer/Xcode/DerivedData/DoSurfApp-gsfzlkocnokhwogeccamufjbufgl/Build/Intermediates.noindex/GoogleUtilities.build/Debug-iphonesimulator/GoogleUtilities_GoogleUtilities-Reachability.build/empty-GoogleUtilities_GoogleUtilities-Reachability.plist -producttype com.apple.product-type.bundle -expandbuildsettings -format binary -platform iphonesimulator -o /Users/piri/Library/Developer/Xcode/DerivedData/DoSurfApp-gsfzlkocnokhwogeccamufjbufgl/Build/Products/Debug-iphonesimulator/GoogleUtilities_GoogleUtilities-Reachability.bundle/Info.plist

ProcessInfoPlistFile /Users/piri/Library/Developer/Xcode/DerivedData/DoSurfApp-gsfzlkocnokhwogeccamufjbufgl/Build/Products/Debug-iphonesimulator/GoogleUtilities_GoogleUtilities-UserDefaults.bundle/Info.plist /Users/piri/Library/Developer/Xcode/DerivedData/DoSurfApp-gsfzlkocnokhwogeccamufjbufgl/Build/Intermediates.noindex/GoogleUtilities.build/Debug-iphonesimulator/GoogleUtilities_GoogleUtilities-UserDefaults.build/empty-GoogleUtilities_GoogleUtilities-UserDefaults.plist (in target 'GoogleUtilities_GoogleUtilities-UserDefaults' from project 'GoogleUtilities')
    cd /Users/piri/Library/Developer/Xcode/DerivedData/DoSurfApp-gsfzlkocnokhwogeccamufjbufgl/SourcePackages/checkouts/GoogleUtilities
    builtin-infoPlistUtility /Users/piri/Library/Developer/Xcode/DerivedData/DoSurfApp-gsfzlkocnokhwogeccamufjbufgl/Build/Intermediates.noindex/GoogleUtilities.build/Debug-iphonesimulator/GoogleUtilities_GoogleUtilities-UserDefaults.build/empty-GoogleUtilities_GoogleUtilities-UserDefaults.plist -producttype com.apple.product-type.bundle -expandbuildsettings -format binary -platform iphonesimulator -o /Users/piri/Library/Developer/Xcode/DerivedData/DoSurfApp-gsfzlkocnokhwogeccamufjbufgl/Build/Products/Debug-iphonesimulator/GoogleUtilities_GoogleUtilities-UserDefaults.bundle/Info.plist

ProcessInfoPlistFile /Users/piri/Library/Developer/Xcode/DerivedData/DoSurfApp-gsfzlkocnokhwogeccamufjbufgl/Build/Products/Debug-iphonesimulator/GoogleUtilities_GoogleUtilities-Network.bundle/Info.plist /Users/piri/Library/Developer/Xcode/DerivedData/DoSurfApp-gsfzlkocnokhwogeccamufjbufgl/Build/Intermediates.noindex/GoogleUtilities.build/Debug-iphonesimulator/GoogleUtilities_GoogleUtilities-Network.build/empty-GoogleUtilities_GoogleUtilities-Network.plist (in target 'GoogleUtilities_GoogleUtilities-Network' from project 'GoogleUtilities')
    cd /Users/piri/Library/Developer/Xcode/DerivedData/DoSurfApp-gsfzlkocnokhwogeccamufjbufgl/SourcePackages/checkouts/GoogleUtilities
    builtin-infoPlistUtility /Users/piri/Library/Developer/Xcode/DerivedData/DoSurfApp-gsfzlkocnokhwogeccamufjbufgl/Build/Intermediates.noindex/GoogleUtilities.build/Debug-iphonesimulator/GoogleUtilities_GoogleUtilities-Network.build/empty-GoogleUtilities_GoogleUtilities-Network.plist -producttype com.apple.product-type.bundle -expandbuildsettings -format binary -platform iphonesimulator -o /Users/piri/Library/Developer/Xcode/DerivedData/DoSurfApp-gsfzlkocnokhwogeccamufjbufgl/Build/Products/Debug-iphonesimulator/GoogleUtilities_GoogleUtilities-Network.bundle/Info.plist

ProcessInfoPlistFile /Users/piri/Library/Developer/Xcode/DerivedData/DoSurfApp-gsfzlkocnokhwogeccamufjbufgl/Build/Products/Debug-iphonesimulator/GoogleUtilities_GoogleUtilities-MethodSwizzler.bundle/Info.plist /Users/piri/Library/Developer/Xcode/DerivedData/DoSurfApp-gsfzlkocnokhwogeccamufjbufgl/Build/Intermediates.noindex/GoogleUtilities.build/Debug-iphonesimulator/GoogleUtilities_GoogleUtilities-MethodSwizzler.build/empty-GoogleUtilities_GoogleUtilities-MethodSwizzler.plist (in target 'GoogleUtilities_GoogleUtilities-MethodSwizzler' from project 'GoogleUtilities')
    cd /Users/piri/Library/Developer/Xcode/DerivedData/DoSurfApp-gsfzlkocnokhwogeccamufjbufgl/SourcePackages/checkouts/GoogleUtilities
    builtin-infoPlistUtility /Users/piri/Library/Developer/Xcode/DerivedData/DoSurfApp-gsfzlkocnokhwogeccamufjbufgl/Build/Intermediates.noindex/GoogleUtilities.build/Debug-iphonesimulator/GoogleUtilities_GoogleUtilities-MethodSwizzler.build/empty-GoogleUtilities_GoogleUtilities-MethodSwizzler.plist -producttype com.apple.product-type.bundle -expandbuildsettings -format binary -platform iphonesimulator -o /Users/piri/Library/Developer/Xcode/DerivedData/DoSurfApp-gsfzlkocnokhwogeccamufjbufgl/Build/Products/Debug-iphonesimulator/GoogleUtilities_GoogleUtilities-MethodSwizzler.bundle/Info.plist

ProcessInfoPlistFile /Users/piri/Library/Developer/Xcode/DerivedData/DoSurfApp-gsfzlkocnokhwogeccamufjbufgl/Build/Products/Debug-iphonesimulator/GoogleUtilities_GoogleUtilities-Logger.bundle/Info.plist /Users/piri/Library/Developer/Xcode/DerivedData/DoSurfApp-gsfzlkocnokhwogeccamufjbufgl/Build/Intermediates.noindex/GoogleUtilities.build/Debug-iphonesimulator/GoogleUtilities_GoogleUtilities-Logger.build/empty-GoogleUtilities_GoogleUtilities-Logger.plist (in target 'GoogleUtilities_GoogleUtilities-Logger' from project 'GoogleUtilities')
    cd /Users/piri/Library/Developer/Xcode/DerivedData/DoSurfApp-gsfzlkocnokhwogeccamufjbufgl/SourcePackages/checkouts/GoogleUtilities
    builtin-infoPlistUtility /Users/piri/Library/Developer/Xcode/DerivedData/DoSurfApp-gsfzlkocnokhwogeccamufjbufgl/Build/Intermediates.noindex/GoogleUtilities.build/Debug-iphonesimulator/GoogleUtilities_GoogleUtilities-Logger.build/empty-GoogleUtilities_GoogleUtilities-Logger.plist -producttype com.apple.product-type.bundle -expandbuildsettings -format binary -platform iphonesimulator -o /Users/piri/Library/Developer/Xcode/DerivedData/DoSurfApp-gsfzlkocnokhwogeccamufjbufgl/Build/Products/Debug-iphonesimulator/GoogleUtilities_GoogleUtilities-Logger.bundle/Info.plist

ProcessInfoPlistFile /Users/piri/Library/Developer/Xcode/DerivedData/DoSurfApp-gsfzlkocnokhwogeccamufjbufgl/Build/Products/Debug-iphonesimulator/GoogleUtilities_GoogleUtilities-Environment.bundle/Info.plist /Users/piri/Library/Developer/Xcode/DerivedData/DoSurfApp-gsfzlkocnokhwogeccamufjbufgl/Build/Intermediates.noindex/GoogleUtilities.build/Debug-iphonesimulator/GoogleUtilities_GoogleUtilities-Environment.build/empty-GoogleUtilities_GoogleUtilities-Environment.plist (in target 'GoogleUtilities_GoogleUtilities-Environment' from project 'GoogleUtilities')
    cd /Users/piri/Library/Developer/Xcode/DerivedData/DoSurfApp-gsfzlkocnokhwogeccamufjbufgl/SourcePackages/checkouts/GoogleUtilities
    builtin-infoPlistUtility /Users/piri/Library/Developer/Xcode/DerivedData/DoSurfApp-gsfzlkocnokhwogeccamufjbufgl/Build/Intermediates.noindex/GoogleUtilities.build/Debug-iphonesimulator/GoogleUtilities_GoogleUtilities-Environment.build/empty-GoogleUtilities_GoogleUtilities-Environment.plist -producttype com.apple.product-type.bundle -expandbuildsettings -format binary -platform iphonesimulator -o /Users/piri/Library/Developer/Xcode/DerivedData/DoSurfApp-gsfzlkocnokhwogeccamufjbufgl/Build/Products/Debug-iphonesimulator/GoogleUtilities_GoogleUtilities-Environment.bundle/Info.plist

ProcessInfoPlistFile /Users/piri/Library/Developer/Xcode/DerivedData/DoSurfApp-gsfzlkocnokhwogeccamufjbufgl/Build/Products/Debug-iphonesimulator/RxSwift_RxRelay.bundle/Info.plist /Users/piri/Library/Developer/Xcode/DerivedData/DoSurfApp-gsfzlkocnokhwogeccamufjbufgl/Build/Intermediates.noindex/RxSwift.build/Debug-iphonesimulator/RxSwift_RxRelay.build/empty-RxSwift_RxRelay.plist (in target 'RxSwift_RxRelay' from project 'RxSwift')
    cd /Users/piri/Library/Developer/Xcode/DerivedData/DoSurfApp-gsfzlkocnokhwogeccamufjbufgl/SourcePackages/checkouts/RxSwift
    builtin-infoPlistUtility /Users/piri/Library/Developer/Xcode/DerivedData/DoSurfApp-gsfzlkocnokhwogeccamufjbufgl/Build/Intermediates.noindex/RxSwift.build/Debug-iphonesimulator/RxSwift_RxRelay.build/empty-RxSwift_RxRelay.plist -producttype com.apple.product-type.bundle -expandbuildsettings -format binary -platform iphonesimulator -o /Users/piri/Library/Developer/Xcode/DerivedData/DoSurfApp-gsfzlkocnokhwogeccamufjbufgl/Build/Products/Debug-iphonesimulator/RxSwift_RxRelay.bundle/Info.plist

ProcessInfoPlistFile /Users/piri/Library/Developer/Xcode/DerivedData/DoSurfApp-gsfzlkocnokhwogeccamufjbufgl/Build/Products/Debug-iphonesimulator/Firebase_FirebaseInstallations.bundle/Info.plist /Users/piri/Library/Developer/Xcode/DerivedData/DoSurfApp-gsfzlkocnokhwogeccamufjbufgl/Build/Intermediates.noindex/Firebase.build/Debug-iphonesimulator/Firebase_FirebaseInstallations.build/empty-Firebase_FirebaseInstallations.plist (in target 'Firebase_FirebaseInstallations' from project 'Firebase')
    cd /Users/piri/Library/Developer/Xcode/DerivedData/DoSurfApp-gsfzlkocnokhwogeccamufjbufgl/SourcePackages/checkouts/firebase-ios-sdk
    builtin-infoPlistUtility /Users/piri/Library/Developer/Xcode/DerivedData/DoSurfApp-gsfzlkocnokhwogeccamufjbufgl/Build/Intermediates.noindex/Firebase.build/Debug-iphonesimulator/Firebase_FirebaseInstallations.build/empty-Firebase_FirebaseInstallations.plist -producttype com.apple.product-type.bundle -expandbuildsettings -format binary -platform iphonesimulator -o /Users/piri/Library/Developer/Xcode/DerivedData/DoSurfApp-gsfzlkocnokhwogeccamufjbufgl/Build/Products/Debug-iphonesimulator/Firebase_FirebaseInstallations.bundle/Info.plist

ProcessInfoPlistFile /Users/piri/Library/Developer/Xcode/DerivedData/DoSurfApp-gsfzlkocnokhwogeccamufjbufgl/Build/Products/Debug-iphonesimulator/GoogleUtilities_GoogleUtilities-AppDelegateSwizzler.bundle/Info.plist /Users/piri/Library/Developer/Xcode/DerivedData/DoSurfApp-gsfzlkocnokhwogeccamufjbufgl/Build/Intermediates.noindex/GoogleUtilities.build/Debug-iphonesimulator/GoogleUtilities_GoogleUtilities-AppDelegateSwizzler.build/empty-GoogleUtilities_GoogleUtilities-AppDelegateSwizzler.plist (in target 'GoogleUtilities_GoogleUtilities-AppDelegateSwizzler' from project 'GoogleUtilities')
    cd /Users/piri/Library/Developer/Xcode/DerivedData/DoSurfApp-gsfzlkocnokhwogeccamufjbufgl/SourcePackages/checkouts/GoogleUtilities
    builtin-infoPlistUtility /Users/piri/Library/Developer/Xcode/DerivedData/DoSurfApp-gsfzlkocnokhwogeccamufjbufgl/Build/Intermediates.noindex/GoogleUtilities.build/Debug-iphonesimulator/GoogleUtilities_GoogleUtilities-AppDelegateSwizzler.build/empty-GoogleUtilities_GoogleUtilities-AppDelegateSwizzler.plist -producttype com.apple.product-type.bundle -expandbuildsettings -format binary -platform iphonesimulator -o /Users/piri/Library/Developer/Xcode/DerivedData/DoSurfApp-gsfzlkocnokhwogeccamufjbufgl/Build/Products/Debug-iphonesimulator/GoogleUtilities_GoogleUtilities-AppDelegateSwizzler.bundle/Info.plist

ProcessInfoPlistFile /Users/piri/Library/Developer/Xcode/DerivedData/DoSurfApp-gsfzlkocnokhwogeccamufjbufgl/Build/Products/Debug-iphonesimulator/RxSwift_RxCocoaRuntime.bundle/Info.plist /Users/piri/Library/Developer/Xcode/DerivedData/DoSurfApp-gsfzlkocnokhwogeccamufjbufgl/Build/Intermediates.noindex/RxSwift.build/Debug-iphonesimulator/RxSwift_RxCocoaRuntime.build/empty-RxSwift_RxCocoaRuntime.plist (in target 'RxSwift_RxCocoaRuntime' from project 'RxSwift')
    cd /Users/piri/Library/Developer/Xcode/DerivedData/DoSurfApp-gsfzlkocnokhwogeccamufjbufgl/SourcePackages/checkouts/RxSwift
    builtin-infoPlistUtility /Users/piri/Library/Developer/Xcode/DerivedData/DoSurfApp-gsfzlkocnokhwogeccamufjbufgl/Build/Intermediates.noindex/RxSwift.build/Debug-iphonesimulator/RxSwift_RxCocoaRuntime.build/empty-RxSwift_RxCocoaRuntime.plist -producttype com.apple.product-type.bundle -expandbuildsettings -format binary -platform iphonesimulator -o /Users/piri/Library/Developer/Xcode/DerivedData/DoSurfApp-gsfzlkocnokhwogeccamufjbufgl/Build/Products/Debug-iphonesimulator/RxSwift_RxCocoaRuntime.bundle/Info.plist

ProcessInfoPlistFile /Users/piri/Library/Developer/Xcode/DerivedData/DoSurfApp-gsfzlkocnokhwogeccamufjbufgl/Build/Products/Debug-iphonesimulator/Firebase_FirebaseCoreInternal.bundle/Info.plist /Users/piri/Library/Developer/Xcode/DerivedData/DoSurfApp-gsfzlkocnokhwogeccamufjbufgl/Build/Intermediates.noindex/Firebase.build/Debug-iphonesimulator/Firebase_FirebaseCoreInternal.build/empty-Firebase_FirebaseCoreInternal.plist (in target 'Firebase_FirebaseCoreInternal' from project 'Firebase')
    cd /Users/piri/Library/Developer/Xcode/DerivedData/DoSurfApp-gsfzlkocnokhwogeccamufjbufgl/SourcePackages/checkouts/firebase-ios-sdk
    builtin-infoPlistUtility /Users/piri/Library/Developer/Xcode/DerivedData/DoSurfApp-gsfzlkocnokhwogeccamufjbufgl/Build/Intermediates.noindex/Firebase.build/Debug-iphonesimulator/Firebase_FirebaseCoreInternal.build/empty-Firebase_FirebaseCoreInternal.plist -producttype com.apple.product-type.bundle -expandbuildsettings -format binary -platform iphonesimulator -o /Users/piri/Library/Developer/Xcode/DerivedData/DoSurfApp-gsfzlkocnokhwogeccamufjbufgl/Build/Products/Debug-iphonesimulator/Firebase_FirebaseCoreInternal.bundle/Info.plist

ProcessInfoPlistFile /Users/piri/Library/Developer/Xcode/DerivedData/DoSurfApp-gsfzlkocnokhwogeccamufjbufgl/Build/Products/Debug-iphonesimulator/Firebase_FirebaseCore.bundle/Info.plist /Users/piri/Library/Developer/Xcode/DerivedData/DoSurfApp-gsfzlkocnokhwogeccamufjbufgl/Build/Intermediates.noindex/Firebase.build/Debug-iphonesimulator/Firebase_FirebaseCore.build/empty-Firebase_FirebaseCore.plist (in target 'Firebase_FirebaseCore' from project 'Firebase')
    cd /Users/piri/Library/Developer/Xcode/DerivedData/DoSurfApp-gsfzlkocnokhwogeccamufjbufgl/SourcePackages/checkouts/firebase-ios-sdk
    builtin-infoPlistUtility /Users/piri/Library/Developer/Xcode/DerivedData/DoSurfApp-gsfzlkocnokhwogeccamufjbufgl/Build/Intermediates.noindex/Firebase.build/Debug-iphonesimulator/Firebase_FirebaseCore.build/empty-Firebase_FirebaseCore.plist -producttype com.apple.product-type.bundle -expandbuildsettings -format binary -platform iphonesimulator -o /Users/piri/Library/Developer/Xcode/DerivedData/DoSurfApp-gsfzlkocnokhwogeccamufjbufgl/Build/Products/Debug-iphonesimulator/Firebase_FirebaseCore.bundle/Info.plist

ProcessInfoPlistFile /Users/piri/Library/Developer/Xcode/DerivedData/DoSurfApp-gsfzlkocnokhwogeccamufjbufgl/Build/Products/Debug-watchsimulator/DoSurfWatch\ Watch\ App\ WatchKitExtension.appex/Info.plist /Users/piri/shared/active/DoSurf-iOS-iosclaw/DoSurfWatch-Watch-Extension-Info.plist (in target 'DoSurfWatch Watch App WatchKitExtension' from project 'DoSurfApp')
    cd /Users/piri/shared/active/DoSurf-iOS-iosclaw
    builtin-infoPlistUtility /Users/piri/shared/active/DoSurf-iOS-iosclaw/DoSurfWatch-Watch-Extension-Info.plist -producttype com.apple.product-type.watchkit2-extension -expandbuildsettings -format binary -platform watchsimulator -additionalcontentfile /Users/piri/Library/Developer/Xcode/DerivedData/DoSurfApp-gsfzlkocnokhwogeccamufjbufgl/Build/Intermediates.noindex/DoSurfApp.build/Debug-watchsimulator/DoSurfWatch\ Watch\ App\ WatchKitExtension.build/assetcatalog_generated_info.plist -o /Users/piri/Library/Developer/Xcode/DerivedData/DoSurfApp-gsfzlkocnokhwogeccamufjbufgl/Build/Products/Debug-watchsimulator/DoSurfWatch\ Watch\ App\ WatchKitExtension.appex/Info.plist
warning: 'CLKComplicationSupportedFamilies' has been deprecated starting in watchOS 7.0, use the ClockKit complications API instead. (in target 'DoSurfWatch Watch App WatchKitExtension' from project 'DoSurfApp')

ProcessInfoPlistFile /Users/piri/Library/Developer/Xcode/DerivedData/DoSurfApp-gsfzlkocnokhwogeccamufjbufgl/Build/Products/Debug-iphonesimulator/DoSurfWidgetExtensionExtension.appex/Info.plist /Users/piri/shared/active/DoSurf-iOS-iosclaw/DoSurfWidgetExtension/Info.plist (in target 'DoSurfWidgetExtensionExtension' from project 'DoSurfApp')
    cd /Users/piri/shared/active/DoSurf-iOS-iosclaw
    builtin-infoPlistUtility /Users/piri/shared/active/DoSurf-iOS-iosclaw/DoSurfWidgetExtension/Info.plist -producttype com.apple.product-type.app-extension -expandbuildsettings -format binary -platform iphonesimulator -additionalcontentfile /Users/piri/Library/Developer/Xcode/DerivedData/DoSurfApp-gsfzlkocnokhwogeccamufjbufgl/Build/Intermediates.noindex/DoSurfApp.build/Debug-iphonesimulator/DoSurfWidgetExtensionExtension.build/assetcatalog_generated_info.plist -o /Users/piri/Library/Developer/Xcode/DerivedData/DoSurfApp-gsfzlkocnokhwogeccamufjbufgl/Build/Products/Debug-iphonesimulator/DoSurfWidgetExtensionExtension.appex/Info.plist

ProcessInfoPlistFile /Users/piri/Library/Developer/Xcode/DerivedData/DoSurfApp-gsfzlkocnokhwogeccamufjbufgl/Build/Products/Debug-iphonesimulator/Firebase_FirebaseFirestore.bundle/Info.plist /Users/piri/Library/Developer/Xcode/DerivedData/DoSurfApp-gsfzlkocnokhwogeccamufjbufgl/Build/Intermediates.noindex/Firebase.build/Debug-iphonesimulator/Firebase_FirebaseFirestore.build/empty-Firebase_FirebaseFirestore.plist (in target 'Firebase_FirebaseFirestore' from project 'Firebase')
    cd /Users/piri/Library/Developer/Xcode/DerivedData/DoSurfApp-gsfzlkocnokhwogeccamufjbufgl/SourcePackages/checkouts/firebase-ios-sdk
    builtin-infoPlistUtility /Users/piri/Library/Developer/Xcode/DerivedData/DoSurfApp-gsfzlkocnokhwogeccamufjbufgl/Build/Intermediates.noindex/Firebase.build/Debug-iphonesimulator/Firebase_FirebaseFirestore.build/empty-Firebase_FirebaseFirestore.plist -producttype com.apple.product-type.bundle -expandbuildsettings -format binary -platform iphonesimulator -o /Users/piri/Library/Developer/Xcode/DerivedData/DoSurfApp-gsfzlkocnokhwogeccamufjbufgl/Build/Products/Debug-iphonesimulator/Firebase_FirebaseFirestore.bundle/Info.plist

ProcessInfoPlistFile /Users/piri/Library/Developer/Xcode/DerivedData/DoSurfApp-gsfzlkocnokhwogeccamufjbufgl/Build/Products/Debug-watchsimulator/DoSurfWatch\ Watch\ App.app/Info.plist /Users/piri/shared/active/DoSurf-iOS-iosclaw/DoSurfWatch-Watch-App-Info.plist (in target 'DoSurfWatch Watch App' from project 'DoSurfApp')
    cd /Users/piri/shared/active/DoSurf-iOS-iosclaw
    builtin-infoPlistUtility /Users/piri/shared/active/DoSurf-iOS-iosclaw/DoSurfWatch-Watch-App-Info.plist -producttype com.apple.product-type.application.watchapp2 -genpkginfo /Users/piri/Library/Developer/Xcode/DerivedData/DoSurfApp-gsfzlkocnokhwogeccamufjbufgl/Build/Products/Debug-watchsimulator/DoSurfWatch\ Watch\ App.app/PkgInfo -expandbuildsettings -format binary -platform watchsimulator -additionalcontentfile /Users/piri/Library/Developer/Xcode/DerivedData/DoSurfApp-gsfzlkocnokhwogeccamufjbufgl/Build/Intermediates.noindex/DoSurfApp.build/Debug-watchsimulator/DoSurfWatch\ Watch\ App.build/assetcatalog_generated_info.plist -scanforprivacyfile /Users/piri/Library/Developer/Xcode/DerivedData/DoSurfApp-gsfzlkocnokhwogeccamufjbufgl/Build/Products/Debug-watchsimulator/DoSurfWatch\ Watch\ App.app/PlugIns/DoSurfWatch\ Watch\ App\ WatchKitExtension.appex -o /Users/piri/Library/Developer/Xcode/DerivedData/DoSurfApp-gsfzlkocnokhwogeccamufjbufgl/Build/Products/Debug-watchsimulator/DoSurfWatch\ Watch\ App.app/Info.plist

ProcessInfoPlistFile /Users/piri/Library/Developer/Xcode/DerivedData/DoSurfApp-gsfzlkocnokhwogeccamufjbufgl/Build/Products/Debug-iphonesimulator/DoSurfApp.app/Info.plist /Users/piri/shared/active/DoSurf-iOS-iosclaw/DoSurfApp/App/Info.plist (in target 'DoSurfApp' from project 'DoSurfApp')
    cd /Users/piri/shared/active/DoSurf-iOS-iosclaw
    builtin-infoPlistUtility /Users/piri/shared/active/DoSurf-iOS-iosclaw/DoSurfApp/App/Info.plist -producttype com.apple.product-type.application -genpkginfo /Users/piri/Library/Developer/Xcode/DerivedData/DoSurfApp-gsfzlkocnokhwogeccamufjbufgl/Build/Products/Debug-iphonesimulator/DoSurfApp.app/PkgInfo -expandbuildsettings -format binary -platform iphonesimulator -additionalcontentfile /Users/piri/Library/Developer/Xcode/DerivedData/DoSurfApp-gsfzlkocnokhwogeccamufjbufgl/Build/Intermediates.noindex/DoSurfApp.build/Debug-iphonesimulator/DoSurfApp.build/Base.lproj/LaunchScreen-SBPartialInfo.plist -additionalcontentfile /Users/piri/Library/Developer/Xcode/DerivedData/DoSurfApp-gsfzlkocnokhwogeccamufjbufgl/Build/Intermediates.noindex/DoSurfApp.build/Debug-iphonesimulator/DoSurfApp.build/assetcatalog_generated_info.plist -scanforprivacyfile /Users/piri/Library/Developer/Xcode/DerivedData/DoSurfApp-gsfzlkocnokhwogeccamufjbufgl/Build/Products/Debug-iphonesimulator/DoSurfApp.app/Firebase_FirebaseCore.bundle -scanforprivacyfile /Users/piri/Library/Developer/Xcode/DerivedData/DoSurfApp-gsfzlkocnokhwogeccamufjbufgl/Build/Products/Debug-iphonesimulator/DoSurfApp.app/Firebase_FirebaseCoreExtension.bundle -scanforprivacyfile /Users/piri/Library/Developer/Xcode/DerivedData/DoSurfApp-gsfzlkocnokhwogeccamufjbufgl/Build/Products/Debug-iphonesimulator/DoSurfApp.app/Firebase_FirebaseCoreInternal.bundle -scanforprivacyfile /Users/piri/Library/Developer/Xcode/DerivedData/DoSurfApp-gsfzlkocnokhwogeccamufjbufgl/Build/Products/Debug-iphonesimulator/DoSurfApp.app/Firebase_FirebaseFirestore.bundle -scanforprivacyfile /Users/piri/Library/Developer/Xcode/DerivedData/DoSurfApp-gsfzlkocnokhwogeccamufjbufgl/Build/Products/Debug-iphonesimulator/DoSurfApp.app/Firebase_FirebaseInstallations.bundle -scanforprivacyfile /Users/piri/Library/Developer/Xcode/DerivedData/DoSurfApp-gsfzlkocnokhwogeccamufjbufgl/Build/Products/Debug-iphonesimulator/DoSurfApp.app/Frameworks/FirebaseAnalytics.framework -scanforprivacyfile /Users/piri/Library/Developer/Xcode/DerivedData/DoSurfApp-gsfzlkocnokhwogeccamufjbufgl/Build/Products/Debug-iphonesimulator/DoSurfApp.app/Frameworks/FirebaseFirestoreInternal.framework -scanforprivacyfile /Users/piri/Library/Developer/Xcode/DerivedData/DoSurfApp-gsfzlkocnokhwogeccamufjbufgl/Build/Products/Debug-iphonesimulator/DoSurfApp.app/Frameworks/GoogleAdsOnDeviceConversion.framework -scanforprivacyfile /Users/piri/Library/Developer/Xcode/DerivedData/DoSurfApp-gsfzlkocnokhwogeccamufjbufgl/Build/Products/Debug-iphonesimulator/DoSurfApp.app/Frameworks/GoogleAppMeasurement.framework -scanforprivacyfile /Users/piri/Library/Developer/Xcode/DerivedData/DoSurfApp-gsfzlkocnokhwogeccamufjbufgl/Build/Products/Debug-iphonesimulator/DoSurfApp.app/Frameworks/GoogleAppMeasurementIdentitySupport.framework -scanforprivacyfile /Users/piri/Library/Developer/Xcode/DerivedData/DoSurfApp-gsfzlkocnokhwogeccamufjbufgl/Build/Products/Debug-iphonesimulator/DoSurfApp.app/Frameworks/absl.framework -scanforprivacyfile /Users/piri/Library/Developer/Xcode/DerivedData/DoSurfApp-gsfzlkocnokhwogeccamufjbufgl/Build/Products/Debug-iphonesimulator/DoSurfApp.app/Frameworks/grpc.framework -scanforprivacyfile /Users/piri/Library/Developer/Xcode/DerivedData/DoSurfApp-gsfzlkocnokhwogeccamufjbufgl/Build/Products/Debug-iphonesimulator/DoSurfApp.app/Frameworks/grpcpp.framework -scanforprivacyfile /Users/piri/Library/Developer/Xcode/DerivedData/DoSurfApp-gsfzlkocnokhwogeccamufjbufgl/Build/Products/Debug-iphonesimulator/DoSurfApp.app/Frameworks/openssl_grpc.framework -scanforprivacyfile /Users/piri/Library/Developer/Xcode/DerivedData/DoSurfApp-gsfzlkocnokhwogeccamufjbufgl/Build/Products/Debug-iphonesimulator/DoSurfApp.app/GoogleUtilities_GoogleUtilities-AppDelegateSwizzler.bundle -scanforprivacyfile /Users/piri/Library/Developer/Xcode/DerivedData/DoSurfApp-gsfzlkocnokhwogeccamufjbufgl/Build/Products/Debug-iphonesimulator/DoSurfApp.app/GoogleUtilities_GoogleUtilities-Environment.bundle -scanforprivacyfile /Users/piri/Library/Developer/Xcode/DerivedData/DoSurfApp-gsfzlkocnokhwogeccamufjbufgl/Build/Products/Debug-iphonesimulator/DoSurfApp.app/GoogleUtilities_GoogleUtilities-Logger.bundle -scanforprivacyfile /Users/piri/Library/Developer/Xcode/DerivedData/DoSurfApp-gsfzlkocnokhwogeccamufjbufgl/Build/Products/Debug-iphonesimulator/DoSurfApp.app/GoogleUtilities_GoogleUtilities-MethodSwizzler.bundle -scanforprivacyfile /Users/piri/Library/Developer/Xcode/DerivedData/DoSurfApp-gsfzlkocnokhwogeccamufjbufgl/Build/Products/Debug-iphonesimulator/DoSurfApp.app/GoogleUtilities_GoogleUtilities-NSData.bundle -scanforprivacyfile /Users/piri/Library/Developer/Xcode/DerivedData/DoSurfApp-gsfzlkocnokhwogeccamufjbufgl/Build/Products/Debug-iphonesimulator/DoSurfApp.app/GoogleUtilities_GoogleUtilities-Network.bundle -scanforprivacyfile /Users/piri/Library/Developer/Xcode/DerivedData/DoSurfApp-gsfzlkocnokhwogeccamufjbufgl/Build/Products/Debug-iphonesimulator/DoSurfApp.app/GoogleUtilities_GoogleUtilities-Reachability.bundle -scanforprivacyfile /Users/piri/Library/Developer/Xcode/DerivedData/DoSurfApp-gsfzlkocnokhwogeccamufjbufgl/Build/Products/Debug-iphonesimulator/DoSurfApp.app/GoogleUtilities_GoogleUtilities-UserDefaults.bundle -scanforprivacyfile /Users/piri/Library/Developer/Xcode/DerivedData/DoSurfApp-gsfzlkocnokhwogeccamufjbufgl/Build/Products/Debug-iphonesimulator/DoSurfApp.app/IQKeyboardCore_IQKeyboardCore.bundle -scanforprivacyfile /Users/piri/Library/Developer/Xcode/DerivedData/DoSurfApp-gsfzlkocnokhwogeccamufjbufgl/Build/Products/Debug-iphonesimulator/DoSurfApp.app/IQKeyboardManagerSwift_IQKeyboardManagerSwift.bundle -scanforprivacyfile /Users/piri/Library/Developer/Xcode/DerivedData/DoSurfApp-gsfzlkocnokhwogeccamufjbufgl/Build/Products/Debug-iphonesimulator/DoSurfApp.app/IQKeyboardNotification_IQKeyboardNotification.bundle -scanforprivacyfile /Users/piri/Library/Developer/Xcode/DerivedData/DoSurfApp-gsfzlkocnokhwogeccamufjbufgl/Build/Products/Debug-iphonesimulator/DoSurfApp.app/IQKeyboardReturnManager_IQKeyboardReturnManager.bundle -scanforprivacyfile /Users/piri/Library/Developer/Xcode/DerivedData/DoSurfApp-gsfzlkocnokhwogeccamufjbufgl/Build/Products/Debug-iphonesimulator/DoSurfApp.app/IQKeyboardToolbarManager_IQKeyboardToolbarManager.bundle -scanforprivacyfile /Users/piri/Library/Developer/Xcode/DerivedData/DoSurfApp-gsfzlkocnokhwogeccamufjbufgl/Build/Products/Debug-iphonesimulator/DoSurfApp.app/IQKeyboardToolbar_IQKeyboardToolbar.bundle -scanforprivacyfile /Users/piri/Library/Developer/Xcode/DerivedData/DoSurfApp-gsfzlkocnokhwogeccamufjbufgl/Build/Products/Debug-iphonesimulator/DoSurfApp.app/IQTextInputViewNotification_IQTextInputViewNotification.bundle -scanforprivacyfile /Users/piri/Library/Developer/Xcode/DerivedData/DoSurfApp-gsfzlkocnokhwogeccamufjbufgl/Build/Products/Debug-iphonesimulator/DoSurfApp.app/IQTextView_IQTextView.bundle -scanforprivacyfile /Users/piri/Library/Developer/Xcode/DerivedData/DoSurfApp-gsfzlkocnokhwogeccamufjbufgl/Build/Products/Debug-iphonesimulator/DoSurfApp.app/PlugIns/DoSurfWidgetExtensionExtension.appex -scanforprivacyfile /Users/piri/Library/Developer/Xcode/DerivedData/DoSurfApp-gsfzlkocnokhwogeccamufjbufgl/Build/Products/Debug-iphonesimulator/DoSurfApp.app/Promises_FBLPromises.bundle -scanforprivacyfile /Users/piri/Library/Developer/Xcode/DerivedData/DoSurfApp-gsfzlkocnokhwogeccamufjbufgl/Build/Products/Debug-iphonesimulator/DoSurfApp.app/RxSwift_RxCocoa.bundle -scanforprivacyfile /Users/piri/Library/Developer/Xcode/DerivedData/DoSurfApp-gsfzlkocnokhwogeccamufjbufgl/Build/Products/Debug-iphonesimulator/DoSurfApp.app/RxSwift_RxCocoaRuntime.bundle -scanforprivacyfile /Users/piri/Library/Developer/Xcode/DerivedData/DoSurfApp-gsfzlkocnokhwogeccamufjbufgl/Build/Products/Debug-iphonesimulator/DoSurfApp.app/RxSwift_RxRelay.bundle -scanforprivacyfile /Users/piri/Library/Developer/Xcode/DerivedData/DoSurfApp-gsfzlkocnokhwogeccamufjbufgl/Build/Products/Debug-iphonesimulator/DoSurfApp.app/RxSwift_RxSwift.bundle -scanforprivacyfile /Users/piri/Library/Developer/Xcode/DerivedData/DoSurfApp-gsfzlkocnokhwogeccamufjbufgl/Build/Products/Debug-iphonesimulator/DoSurfApp.app/SnapKit_SnapKit.bundle -scanforprivacyfile /Users/piri/Library/Developer/Xcode/DerivedData/DoSurfApp-gsfzlkocnokhwogeccamufjbufgl/Build/Products/Debug-iphonesimulator/DoSurfApp.app/Watch/DoSurfWatch\ Watch\ App.app -scanforprivacyfile /Users/piri/Library/Developer/Xcode/DerivedData/DoSurfApp-gsfzlkocnokhwogeccamufjbufgl/Build/Products/Debug-iphonesimulator/DoSurfApp.app/abseil_abslWrapper.bundle -scanforprivacyfile /Users/piri/Library/Developer/Xcode/DerivedData/DoSurfApp-gsfzlkocnokhwogeccamufjbufgl/Build/Products/Debug-iphonesimulator/DoSurfApp.app/gRPC_grpcWrapper.bundle -scanforprivacyfile /Users/piri/Library/Developer/Xcode/DerivedData/DoSurfApp-gsfzlkocnokhwogeccamufjbufgl/Build/Products/Debug-iphonesimulator/DoSurfApp.app/gRPC_grpcppWrapper.bundle -scanforprivacyfile /Users/piri/Library/Developer/Xcode/DerivedData/DoSurfApp-gsfzlkocnokhwogeccamufjbufgl/Build/Products/Debug-iphonesimulator/DoSurfApp.app/gRPC_opensslWrapper.bundle -scanforprivacyfile /Users/piri/Library/Developer/Xcode/DerivedData/DoSurfApp-gsfzlkocnokhwogeccamufjbufgl/Build/Products/Debug-iphonesimulator/DoSurfApp.app/leveldb_leveldb.bundle -scanforprivacyfile /Users/piri/Library/Developer/Xcode/DerivedData/DoSurfApp-gsfzlkocnokhwogeccamufjbufgl/Build/Products/Debug-iphonesimulator/DoSurfApp.app/nanopb_nanopb.bundle -o /Users/piri/Library/Developer/Xcode/DerivedData/DoSurfApp-gsfzlkocnokhwogeccamufjbufgl/Build/Products/Debug-iphonesimulator/DoSurfApp.app/Info.plist

CopySwiftLibs /Users/piri/Library/Developer/Xcode/DerivedData/DoSurfApp-gsfzlkocnokhwogeccamufjbufgl/Build/Products/Debug-iphonesimulator/DoSurfApp.app (in target 'DoSurfApp' from project 'DoSurfApp')
    cd /Users/piri/shared/active/DoSurf-iOS-iosclaw
    builtin-swiftStdLibTool --copy --verbose --sign - --scan-executable /Users/piri/Library/Developer/Xcode/DerivedData/DoSurfApp-gsfzlkocnokhwogeccamufjbufgl/Build/Products/Debug-iphonesimulator/DoSurfApp.app/DoSurfApp.debug.dylib --scan-folder /Users/piri/Library/Developer/Xcode/DerivedData/DoSurfApp-gsfzlkocnokhwogeccamufjbufgl/Build/Products/Debug-iphonesimulator/DoSurfApp.app/Frameworks --scan-folder /Users/piri/Library/Developer/Xcode/DerivedData/DoSurfApp-gsfzlkocnokhwogeccamufjbufgl/Build/Products/Debug-iphonesimulator/DoSurfApp.app/PlugIns --scan-folder /Users/piri/Library/Developer/Xcode/DerivedData/DoSurfApp-gsfzlkocnokhwogeccamufjbufgl/Build/Products/Debug-iphonesimulator/DoSurfApp.app/SystemExtensions --scan-folder /Users/piri/Library/Developer/Xcode/DerivedData/DoSurfApp-gsfzlkocnokhwogeccamufjbufgl/Build/Products/Debug-iphonesimulator/DoSurfApp.app/Extensions --platform iphonesimulator --toolchain /var/run/com.apple.security.cryptexd/mnt/com.apple.MobileAsset.MetalToolchain-v17.3.48.0.MfQi97/Metal.xctoolchain --toolchain /Applications/Xcode.app/Contents/Developer/Toolchains/XcodeDefault.xctoolchain --destination /Users/piri/Library/Developer/Xcode/DerivedData/DoSurfApp-gsfzlkocnokhwogeccamufjbufgl/Build/Products/Debug-iphonesimulator/DoSurfApp.app/Frameworks --strip-bitcode --strip-bitcode-tool /Applications/Xcode.app/Contents/Developer/Toolchains/XcodeDefault.xctoolchain/usr/bin/bitcode_strip --emit-dependency-info /Users/piri/Library/Developer/Xcode/DerivedData/DoSurfApp-gsfzlkocnokhwogeccamufjbufgl/Build/Intermediates.noindex/DoSurfApp.build/Debug-iphonesimulator/DoSurfApp.build/SwiftStdLibToolInputDependencies.dep --filter-for-swift-os --back-deploy-swift-span

** BUILD SUCCEEDED **

